2025-12-15 11:42:09,879 INFO    StreamThr :4984 [internal.py:wandb_internal():86] W&B internal server running at pid: 4984, started at: 2025-12-15 11:42:09.878303
2025-12-15 11:42:09,882 DEBUG   HandlerThread:4984 [handler.py:handle_request():146] handle_request: status
2025-12-15 11:42:09,885 INFO    WriterThread:4984 [datastore.py:open_for_write():85] open: /DATA2025/cjh/AAAI2025-LReID-DASK/wandb/run-20251215_114209-0fovilom/run-0fovilom.wandb
2025-12-15 11:42:09,888 DEBUG   SenderThread:4984 [sender.py:send():380] send: header
2025-12-15 11:42:09,889 DEBUG   SenderThread:4984 [sender.py:send():380] send: run
2025-12-15 11:42:14,887 DEBUG   HandlerThread:4984 [handler.py:handle_request():146] handle_request: keepalive
2025-12-15 11:42:19,888 DEBUG   HandlerThread:4984 [handler.py:handle_request():146] handle_request: keepalive
2025-12-15 11:42:24,890 DEBUG   HandlerThread:4984 [handler.py:handle_request():146] handle_request: keepalive
2025-12-15 11:42:29,891 DEBUG   HandlerThread:4984 [handler.py:handle_request():146] handle_request: keepalive
2025-12-15 11:42:34,893 DEBUG   HandlerThread:4984 [handler.py:handle_request():146] handle_request: keepalive
2025-12-15 11:42:39,895 DEBUG   HandlerThread:4984 [handler.py:handle_request():146] handle_request: keepalive
2025-12-15 11:42:44,896 DEBUG   HandlerThread:4984 [handler.py:handle_request():146] handle_request: keepalive
2025-12-15 11:42:49,898 DEBUG   HandlerThread:4984 [handler.py:handle_request():146] handle_request: keepalive
2025-12-15 11:42:54,900 DEBUG   HandlerThread:4984 [handler.py:handle_request():146] handle_request: keepalive
2025-12-15 11:42:59,901 DEBUG   HandlerThread:4984 [handler.py:handle_request():146] handle_request: keepalive
2025-12-15 11:43:03,536 INFO    SenderThread:4984 [retry.py:__call__():172] Retry attempt failed:
Traceback (most recent call last):
  File "/DATA2025/cjh/envs/IRL/lib/python3.8/site-packages/urllib3/connectionpool.py", line 466, in _make_request
    self._validate_conn(conn)
  File "/DATA2025/cjh/envs/IRL/lib/python3.8/site-packages/urllib3/connectionpool.py", line 1095, in _validate_conn
    conn.connect()
  File "/DATA2025/cjh/envs/IRL/lib/python3.8/site-packages/urllib3/connection.py", line 730, in connect
    sock_and_verified = _ssl_wrap_socket_and_match_hostname(
  File "/DATA2025/cjh/envs/IRL/lib/python3.8/site-packages/urllib3/connection.py", line 909, in _ssl_wrap_socket_and_match_hostname
    ssl_sock = ssl_wrap_socket(
  File "/DATA2025/cjh/envs/IRL/lib/python3.8/site-packages/urllib3/util/ssl_.py", line 469, in ssl_wrap_socket
    ssl_sock = _ssl_wrap_socket_impl(sock, context, tls_in_tls, server_hostname)
  File "/DATA2025/cjh/envs/IRL/lib/python3.8/site-packages/urllib3/util/ssl_.py", line 513, in _ssl_wrap_socket_impl
    return ssl_context.wrap_socket(sock, server_hostname=server_hostname)
  File "/DATA2025/cjh/envs/IRL/lib/python3.8/ssl.py", line 500, in wrap_socket
    return self.sslsocket_class._create(
  File "/DATA2025/cjh/envs/IRL/lib/python3.8/ssl.py", line 1073, in _create
    self.do_handshake()
  File "/DATA2025/cjh/envs/IRL/lib/python3.8/ssl.py", line 1342, in do_handshake
    self._sslobj.do_handshake()
ssl.SSLZeroReturnError: TLS/SSL connection has been closed (EOF) (_ssl.c:1149)

During handling of the above exception, another exception occurred:

Traceback (most recent call last):
  File "/DATA2025/cjh/envs/IRL/lib/python3.8/site-packages/urllib3/connectionpool.py", line 789, in urlopen
    response = self._make_request(
  File "/DATA2025/cjh/envs/IRL/lib/python3.8/site-packages/urllib3/connectionpool.py", line 490, in _make_request
    raise new_e
urllib3.exceptions.SSLError: TLS/SSL connection has been closed (EOF) (_ssl.c:1149)

The above exception was the direct cause of the following exception:

Traceback (most recent call last):
  File "/DATA2025/cjh/envs/IRL/lib/python3.8/site-packages/requests/adapters.py", line 667, in send
    resp = conn.urlopen(
  File "/DATA2025/cjh/envs/IRL/lib/python3.8/site-packages/urllib3/connectionpool.py", line 843, in urlopen
    retries = retries.increment(
  File "/DATA2025/cjh/envs/IRL/lib/python3.8/site-packages/urllib3/util/retry.py", line 519, in increment
    raise MaxRetryError(_pool, url, reason) from reason  # type: ignore[arg-type]
urllib3.exceptions.MaxRetryError: HTTPSConnectionPool(host='api.wandb.ai', port=443): Max retries exceeded with url: /graphql (Caused by SSLError(SSLZeroReturnError(6, 'TLS/SSL connection has been closed (EOF) (_ssl.c:1149)')))

During handling of the above exception, another exception occurred:

Traceback (most recent call last):
  File "/DATA2025/cjh/envs/IRL/lib/python3.8/site-packages/wandb/sdk/lib/retry.py", line 131, in __call__
    result = self._call_fn(*args, **kwargs)
  File "/DATA2025/cjh/envs/IRL/lib/python3.8/site-packages/wandb/sdk/internal/internal_api.py", line 366, in execute
    return self.client.execute(*args, **kwargs)  # type: ignore
  File "/DATA2025/cjh/envs/IRL/lib/python3.8/site-packages/wandb/vendor/gql-0.2.0/wandb_gql/client.py", line 52, in execute
    result = self._get_result(document, *args, **kwargs)
  File "/DATA2025/cjh/envs/IRL/lib/python3.8/site-packages/wandb/vendor/gql-0.2.0/wandb_gql/client.py", line 60, in _get_result
    return self.transport.execute(document, *args, **kwargs)
  File "/DATA2025/cjh/envs/IRL/lib/python3.8/site-packages/wandb/sdk/lib/gql_request.py", line 58, in execute
    request = self.session.post(self.url, **post_args)
  File "/DATA2025/cjh/envs/IRL/lib/python3.8/site-packages/requests/sessions.py", line 637, in post
    return self.request("POST", url, data=data, json=json, **kwargs)
  File "/DATA2025/cjh/envs/IRL/lib/python3.8/site-packages/requests/sessions.py", line 589, in request
    resp = self.send(prep, **send_kwargs)
  File "/DATA2025/cjh/envs/IRL/lib/python3.8/site-packages/requests/sessions.py", line 703, in send
    r = adapter.send(request, **kwargs)
  File "/DATA2025/cjh/envs/IRL/lib/python3.8/site-packages/requests/adapters.py", line 698, in send
    raise SSLError(e, request=request)
requests.exceptions.SSLError: HTTPSConnectionPool(host='api.wandb.ai', port=443): Max retries exceeded with url: /graphql (Caused by SSLError(SSLZeroReturnError(6, 'TLS/SSL connection has been closed (EOF) (_ssl.c:1149)')))
2025-12-15 11:43:04,903 DEBUG   HandlerThread:4984 [handler.py:handle_request():146] handle_request: keepalive
2025-12-15 11:43:09,905 DEBUG   HandlerThread:4984 [handler.py:handle_request():146] handle_request: keepalive
2025-12-15 11:43:14,906 DEBUG   HandlerThread:4984 [handler.py:handle_request():146] handle_request: keepalive
2025-12-15 11:43:19,908 DEBUG   HandlerThread:4984 [handler.py:handle_request():146] handle_request: keepalive
2025-12-15 11:43:24,910 DEBUG   HandlerThread:4984 [handler.py:handle_request():146] handle_request: keepalive
2025-12-15 11:43:29,911 DEBUG   HandlerThread:4984 [handler.py:handle_request():146] handle_request: keepalive
2025-12-15 11:43:34,913 DEBUG   HandlerThread:4984 [handler.py:handle_request():146] handle_request: keepalive
2025-12-15 11:43:39,915 DEBUG   HandlerThread:4984 [handler.py:handle_request():146] handle_request: cancel
2025-12-15 11:43:39,915 DEBUG   HandlerThread:4984 [handler.py:handle_request():146] handle_request: cancel
2025-12-15 11:43:40,465 DEBUG   HandlerThread:4984 [handler.py:handle_request():146] handle_request: shutdown
2025-12-15 11:43:40,465 INFO    HandlerThread:4984 [handler.py:finish():866] shutting down handler
2025-12-15 11:43:40,916 INFO    WriterThread:4984 [datastore.py:close():294] close: /DATA2025/cjh/AAAI2025-LReID-DASK/wandb/run-20251215_114209-0fovilom/run-0fovilom.wandb
2025-12-15 11:43:52,834 INFO    SenderThread:4984 [dir_watcher.py:__init__():211] watching files in: /DATA2025/cjh/AAAI2025-LReID-DASK/wandb/run-20251215_114209-0fovilom/files
2025-12-15 11:43:52,834 INFO    SenderThread:4984 [sender.py:_start_run_threads():1122] run started: 0fovilom with start time 1765770129.878298
2025-12-15 11:43:52,835 INFO    SenderThread:4984 [sender.py:finish():1534] shutting down sender
2025-12-15 11:43:52,835 INFO    SenderThread:4984 [dir_watcher.py:finish():358] shutting down directory watcher
2025-12-15 11:43:53,835 INFO    SenderThread:4984 [dir_watcher.py:finish():388] scan: /DATA2025/cjh/AAAI2025-LReID-DASK/wandb/run-20251215_114209-0fovilom/files
2025-12-15 11:43:53,835 INFO    SenderThread:4984 [dir_watcher.py:finish():402] scan save: /DATA2025/cjh/AAAI2025-LReID-DASK/wandb/run-20251215_114209-0fovilom/files/config.yaml config.yaml
2025-12-15 11:43:53,836 INFO    SenderThread:4984 [file_pusher.py:finish():175] shutting down file pusher
2025-12-15 11:43:53,836 INFO    SenderThread:4984 [file_pusher.py:join():181] waiting for file pusher
2025-12-15 11:43:55,111 INFO    wandb-upload_0:4984 [upload_job.py:push():131] Uploaded file /DATA2025/cjh/AAAI2025-LReID-DASK/wandb/run-20251215_114209-0fovilom/files/config.yaml
2025-12-15 11:43:55,342 INFO    SenderThread:4984 [file_stream.py:finish():595] file stream finish called
2025-12-15 11:43:55,749 INFO    SenderThread:4984 [file_stream.py:finish():599] file stream finish is done
