2025-12-15 11:22:25,422 INFO    MainThread:23176 [wandb_setup.py:_flush():76] Current SDK version is 0.15.12
2025-12-15 11:22:25,422 INFO    MainThread:23176 [wandb_setup.py:_flush():76] Configure stats pid to 23176
2025-12-15 11:22:25,422 INFO    MainThread:23176 [wandb_setup.py:_flush():76] Loading settings from /home/cjh/.config/wandb/settings
2025-12-15 11:22:25,422 INFO    MainThread:23176 [wandb_setup.py:_flush():76] Loading settings from /DATA2025/cjh/AAAI2025-LReID-DASK/wandb/settings
2025-12-15 11:22:25,422 INFO    MainThread:23176 [wandb_setup.py:_flush():76] Loading settings from environment variables: {}
2025-12-15 11:22:25,422 INFO    MainThread:23176 [wandb_setup.py:_flush():76] Applying setup settings: {'_disable_service': False}
2025-12-15 11:22:25,422 INFO    MainThread:23176 [wandb_setup.py:_flush():76] Inferring run settings from compute environment: {'program_relpath': 'continual_train.py', 'program_abspath': '/DATA2025/cjh/AAAI2025-LReID-DASK/continual_train.py', 'program': 'continual_train.py'}
2025-12-15 11:22:25,423 INFO    MainThread:23176 [wandb_init.py:_log_setup():528] Logging user logs to /DATA2025/cjh/AAAI2025-LReID-DASK/wandb/run-20251215_112225-tfia7qpc/logs/debug.log
2025-12-15 11:22:25,423 INFO    MainThread:23176 [wandb_init.py:_log_setup():529] Logging internal logs to /DATA2025/cjh/AAAI2025-LReID-DASK/wandb/run-20251215_112225-tfia7qpc/logs/debug-internal.log
2025-12-15 11:22:25,423 INFO    MainThread:23176 [wandb_init.py:init():568] calling init triggers
2025-12-15 11:22:25,423 INFO    MainThread:23176 [wandb_init.py:init():575] wandb.init called with sweep_config: {}
config: {'batch_size': 128, 'workers': 8, 'height': 256, 'width': 128, 'num_instances': 4, 'MODEL': '50x', 'optimizer': 'SGD', 'lr': 0.008, 'momentum': 0.9, 'weight_decay': 0.0001, 'warmup_step': 10, 'milestones': [30], 'resume': '', 'evaluate': False, 'epochs0': 80, 'epochs': 60, 'eval_epoch': 100, 'seed': 0, 'print_freq': 200, 'data_dir': '/DATA2025/cjh/AAAI2025-LReID-DASK/PRID', 'logs_dir': '/DATA2025/cjh/AAAI2025-LReID-DASK/output', 'config_file': 'config/base.yml', 'test_folder': None, 'setting': 3, 'middle_test': True, 'AF_weight': 1.0, 'fix_EMA': 0.5, 'global_alpha': 100, 'absolute_feat': False, 'save_evaluation': False, 'absolute_delta': True, 'trans': True, 'random_rehearser': False, 'blur': False, 'n_kernel': 1, 'groups': 1, 'joint_test': False, 'mobile': True, 'aux_weight': 4.5, 'dropout': 0.5, 'l2sp_weight': 0.01, 'fisher_freeze': True, 'fisher_ratio': 0.5, 'fisher_sample_num': 1000}
2025-12-15 11:22:25,423 INFO    MainThread:23176 [wandb_init.py:init():618] starting backend
2025-12-15 11:22:25,423 INFO    MainThread:23176 [wandb_init.py:init():622] setting up manager
2025-12-15 11:22:25,426 INFO    MainThread:23176 [backend.py:_multiprocessing_setup():105] multiprocessing start_methods=fork,spawn,forkserver, using: spawn
2025-12-15 11:22:25,428 INFO    MainThread:23176 [wandb_init.py:init():628] backend started and connected
2025-12-15 11:22:25,433 INFO    MainThread:23176 [wandb_init.py:init():720] updated telemetry
2025-12-15 11:22:25,434 INFO    MainThread:23176 [wandb_init.py:init():753] communicating run to backend with 90.0 second timeout
2025-12-15 11:23:24,087 INFO    Thread-1  :23176 [retry.py:__call__():172] Retry attempt failed:
Traceback (most recent call last):
  File "/DATA2025/cjh/envs/IRL/lib/python3.8/site-packages/urllib3/connection.py", line 199, in _new_conn
    sock = connection.create_connection(
  File "/DATA2025/cjh/envs/IRL/lib/python3.8/site-packages/urllib3/util/connection.py", line 85, in create_connection
    raise err
  File "/DATA2025/cjh/envs/IRL/lib/python3.8/site-packages/urllib3/util/connection.py", line 73, in create_connection
    sock.connect(sa)
socket.timeout: timed out

The above exception was the direct cause of the following exception:

Traceback (most recent call last):
  File "/DATA2025/cjh/envs/IRL/lib/python3.8/site-packages/urllib3/connectionpool.py", line 789, in urlopen
    response = self._make_request(
  File "/DATA2025/cjh/envs/IRL/lib/python3.8/site-packages/urllib3/connectionpool.py", line 490, in _make_request
    raise new_e
  File "/DATA2025/cjh/envs/IRL/lib/python3.8/site-packages/urllib3/connectionpool.py", line 466, in _make_request
    self._validate_conn(conn)
  File "/DATA2025/cjh/envs/IRL/lib/python3.8/site-packages/urllib3/connectionpool.py", line 1095, in _validate_conn
    conn.connect()
  File "/DATA2025/cjh/envs/IRL/lib/python3.8/site-packages/urllib3/connection.py", line 693, in connect
    self.sock = sock = self._new_conn()
  File "/DATA2025/cjh/envs/IRL/lib/python3.8/site-packages/urllib3/connection.py", line 208, in _new_conn
    raise ConnectTimeoutError(
urllib3.exceptions.ConnectTimeoutError: (<urllib3.connection.HTTPSConnection object at 0x7f5392e87eb0>, 'Connection to api.wandb.ai timed out. (connect timeout=20)')

The above exception was the direct cause of the following exception:

Traceback (most recent call last):
  File "/DATA2025/cjh/envs/IRL/lib/python3.8/site-packages/requests/adapters.py", line 667, in send
    resp = conn.urlopen(
  File "/DATA2025/cjh/envs/IRL/lib/python3.8/site-packages/urllib3/connectionpool.py", line 843, in urlopen
    retries = retries.increment(
  File "/DATA2025/cjh/envs/IRL/lib/python3.8/site-packages/urllib3/util/retry.py", line 519, in increment
    raise MaxRetryError(_pool, url, reason) from reason  # type: ignore[arg-type]
urllib3.exceptions.MaxRetryError: HTTPSConnectionPool(host='api.wandb.ai', port=443): Max retries exceeded with url: /graphql (Caused by ConnectTimeoutError(<urllib3.connection.HTTPSConnection object at 0x7f5392e87eb0>, 'Connection to api.wandb.ai timed out. (connect timeout=20)'))

During handling of the above exception, another exception occurred:

Traceback (most recent call last):
  File "/DATA2025/cjh/envs/IRL/lib/python3.8/site-packages/wandb/sdk/lib/retry.py", line 131, in __call__
    result = self._call_fn(*args, **kwargs)
  File "/DATA2025/cjh/envs/IRL/lib/python3.8/site-packages/wandb/sdk/internal/internal_api.py", line 366, in execute
    return self.client.execute(*args, **kwargs)  # type: ignore
  File "/DATA2025/cjh/envs/IRL/lib/python3.8/site-packages/wandb/vendor/gql-0.2.0/wandb_gql/client.py", line 52, in execute
    result = self._get_result(document, *args, **kwargs)
  File "/DATA2025/cjh/envs/IRL/lib/python3.8/site-packages/wandb/vendor/gql-0.2.0/wandb_gql/client.py", line 60, in _get_result
    return self.transport.execute(document, *args, **kwargs)
  File "/DATA2025/cjh/envs/IRL/lib/python3.8/site-packages/wandb/sdk/lib/gql_request.py", line 58, in execute
    request = self.session.post(self.url, **post_args)
  File "/DATA2025/cjh/envs/IRL/lib/python3.8/site-packages/requests/sessions.py", line 637, in post
    return self.request("POST", url, data=data, json=json, **kwargs)
  File "/DATA2025/cjh/envs/IRL/lib/python3.8/site-packages/requests/sessions.py", line 589, in request
    resp = self.send(prep, **send_kwargs)
  File "/DATA2025/cjh/envs/IRL/lib/python3.8/site-packages/requests/sessions.py", line 703, in send
    r = adapter.send(request, **kwargs)
  File "/DATA2025/cjh/envs/IRL/lib/python3.8/site-packages/requests/adapters.py", line 688, in send
    raise ConnectTimeout(e, request=request)
requests.exceptions.ConnectTimeout: HTTPSConnectionPool(host='api.wandb.ai', port=443): Max retries exceeded with url: /graphql (Caused by ConnectTimeoutError(<urllib3.connection.HTTPSConnection object at 0x7f5392e87eb0>, 'Connection to api.wandb.ai timed out. (connect timeout=20)'))
2025-12-15 11:23:49,927 INFO    MainThread:23176 [wandb_run.py:_on_init():2220] communicating current version
2025-12-15 11:23:50,375 INFO    MainThread:23176 [wandb_run.py:_on_init():2229] got version response upgrade_message: "wandb version 0.23.1 is available!  To upgrade, please run:\n $ pip install wandb --upgrade"

2025-12-15 11:23:50,376 INFO    MainThread:23176 [wandb_init.py:init():804] starting run threads in backend
2025-12-15 11:23:53,471 INFO    MainThread:23176 [wandb_run.py:_console_start():2199] atexit reg
2025-12-15 11:23:53,472 INFO    MainThread:23176 [wandb_run.py:_redirect():2054] redirect: wrap_raw
2025-12-15 11:23:53,472 INFO    MainThread:23176 [wandb_run.py:_redirect():2119] Wrapping output streams.
2025-12-15 11:23:53,472 INFO    MainThread:23176 [wandb_run.py:_redirect():2144] Redirects installed.
2025-12-15 11:23:53,473 INFO    MainThread:23176 [wandb_init.py:init():845] run started, returning control to user process
