2025-12-15 11:22:25,430 INFO    StreamThr :23333 [internal.py:wandb_internal():86] W&B internal server running at pid: 23333, started at: 2025-12-15 11:22:25.429575
2025-12-15 11:22:25,433 DEBUG   HandlerThread:23333 [handler.py:handle_request():146] handle_request: status
2025-12-15 11:22:25,436 INFO    WriterThread:23333 [datastore.py:open_for_write():85] open: /DATA2025/cjh/AAAI2025-LReID-DASK/wandb/run-20251215_112225-tfia7qpc/run-tfia7qpc.wandb
2025-12-15 11:22:25,439 DEBUG   SenderThread:23333 [sender.py:send():380] send: header
2025-12-15 11:22:25,439 DEBUG   SenderThread:23333 [sender.py:send():380] send: run
2025-12-15 11:22:30,437 DEBUG   HandlerThread:23333 [handler.py:handle_request():146] handle_request: keepalive
2025-12-15 11:22:35,439 DEBUG   HandlerThread:23333 [handler.py:handle_request():146] handle_request: keepalive
2025-12-15 11:22:40,441 DEBUG   HandlerThread:23333 [handler.py:handle_request():146] handle_request: keepalive
2025-12-15 11:22:45,442 DEBUG   HandlerThread:23333 [handler.py:handle_request():146] handle_request: keepalive
2025-12-15 11:22:50,444 DEBUG   HandlerThread:23333 [handler.py:handle_request():146] handle_request: keepalive
2025-12-15 11:22:55,446 DEBUG   HandlerThread:23333 [handler.py:handle_request():146] handle_request: keepalive
2025-12-15 11:23:00,448 DEBUG   HandlerThread:23333 [handler.py:handle_request():146] handle_request: keepalive
2025-12-15 11:23:05,450 DEBUG   HandlerThread:23333 [handler.py:handle_request():146] handle_request: keepalive
2025-12-15 11:23:10,451 DEBUG   HandlerThread:23333 [handler.py:handle_request():146] handle_request: keepalive
2025-12-15 11:23:15,453 DEBUG   HandlerThread:23333 [handler.py:handle_request():146] handle_request: keepalive
2025-12-15 11:23:20,455 DEBUG   HandlerThread:23333 [handler.py:handle_request():146] handle_request: keepalive
2025-12-15 11:23:25,457 DEBUG   HandlerThread:23333 [handler.py:handle_request():146] handle_request: keepalive
2025-12-15 11:23:29,098 INFO    SenderThread:23333 [retry.py:__call__():172] Retry attempt failed:
Traceback (most recent call last):
  File "/DATA2025/cjh/envs/IRL/lib/python3.8/site-packages/urllib3/connection.py", line 199, in _new_conn
    sock = connection.create_connection(
  File "/DATA2025/cjh/envs/IRL/lib/python3.8/site-packages/urllib3/util/connection.py", line 85, in create_connection
    raise err
  File "/DATA2025/cjh/envs/IRL/lib/python3.8/site-packages/urllib3/util/connection.py", line 73, in create_connection
    sock.connect(sa)
socket.timeout: timed out

The above exception was the direct cause of the following exception:

Traceback (most recent call last):
  File "/DATA2025/cjh/envs/IRL/lib/python3.8/site-packages/urllib3/connectionpool.py", line 789, in urlopen
    response = self._make_request(
  File "/DATA2025/cjh/envs/IRL/lib/python3.8/site-packages/urllib3/connectionpool.py", line 490, in _make_request
    raise new_e
  File "/DATA2025/cjh/envs/IRL/lib/python3.8/site-packages/urllib3/connectionpool.py", line 466, in _make_request
    self._validate_conn(conn)
  File "/DATA2025/cjh/envs/IRL/lib/python3.8/site-packages/urllib3/connectionpool.py", line 1095, in _validate_conn
    conn.connect()
  File "/DATA2025/cjh/envs/IRL/lib/python3.8/site-packages/urllib3/connection.py", line 693, in connect
    self.sock = sock = self._new_conn()
  File "/DATA2025/cjh/envs/IRL/lib/python3.8/site-packages/urllib3/connection.py", line 208, in _new_conn
    raise ConnectTimeoutError(
urllib3.exceptions.ConnectTimeoutError: (<urllib3.connection.HTTPSConnection object at 0x7f22c46dd730>, 'Connection to api.wandb.ai timed out. (connect timeout=20)')

The above exception was the direct cause of the following exception:

Traceback (most recent call last):
  File "/DATA2025/cjh/envs/IRL/lib/python3.8/site-packages/requests/adapters.py", line 667, in send
    resp = conn.urlopen(
  File "/DATA2025/cjh/envs/IRL/lib/python3.8/site-packages/urllib3/connectionpool.py", line 843, in urlopen
    retries = retries.increment(
  File "/DATA2025/cjh/envs/IRL/lib/python3.8/site-packages/urllib3/util/retry.py", line 519, in increment
    raise MaxRetryError(_pool, url, reason) from reason  # type: ignore[arg-type]
urllib3.exceptions.MaxRetryError: HTTPSConnectionPool(host='api.wandb.ai', port=443): Max retries exceeded with url: /graphql (Caused by ConnectTimeoutError(<urllib3.connection.HTTPSConnection object at 0x7f22c46dd730>, 'Connection to api.wandb.ai timed out. (connect timeout=20)'))

During handling of the above exception, another exception occurred:

Traceback (most recent call last):
  File "/DATA2025/cjh/envs/IRL/lib/python3.8/site-packages/wandb/sdk/lib/retry.py", line 131, in __call__
    result = self._call_fn(*args, **kwargs)
  File "/DATA2025/cjh/envs/IRL/lib/python3.8/site-packages/wandb/sdk/internal/internal_api.py", line 366, in execute
    return self.client.execute(*args, **kwargs)  # type: ignore
  File "/DATA2025/cjh/envs/IRL/lib/python3.8/site-packages/wandb/vendor/gql-0.2.0/wandb_gql/client.py", line 52, in execute
    result = self._get_result(document, *args, **kwargs)
  File "/DATA2025/cjh/envs/IRL/lib/python3.8/site-packages/wandb/vendor/gql-0.2.0/wandb_gql/client.py", line 60, in _get_result
    return self.transport.execute(document, *args, **kwargs)
  File "/DATA2025/cjh/envs/IRL/lib/python3.8/site-packages/wandb/sdk/lib/gql_request.py", line 58, in execute
    request = self.session.post(self.url, **post_args)
  File "/DATA2025/cjh/envs/IRL/lib/python3.8/site-packages/requests/sessions.py", line 637, in post
    return self.request("POST", url, data=data, json=json, **kwargs)
  File "/DATA2025/cjh/envs/IRL/lib/python3.8/site-packages/requests/sessions.py", line 589, in request
    resp = self.send(prep, **send_kwargs)
  File "/DATA2025/cjh/envs/IRL/lib/python3.8/site-packages/requests/sessions.py", line 703, in send
    r = adapter.send(request, **kwargs)
  File "/DATA2025/cjh/envs/IRL/lib/python3.8/site-packages/requests/adapters.py", line 688, in send
    raise ConnectTimeout(e, request=request)
requests.exceptions.ConnectTimeout: HTTPSConnectionPool(host='api.wandb.ai', port=443): Max retries exceeded with url: /graphql (Caused by ConnectTimeoutError(<urllib3.connection.HTTPSConnection object at 0x7f22c46dd730>, 'Connection to api.wandb.ai timed out. (connect timeout=20)'))
2025-12-15 11:23:30,458 DEBUG   HandlerThread:23333 [handler.py:handle_request():146] handle_request: keepalive
2025-12-15 11:23:35,460 DEBUG   HandlerThread:23333 [handler.py:handle_request():146] handle_request: keepalive
2025-12-15 11:23:40,462 DEBUG   HandlerThread:23333 [handler.py:handle_request():146] handle_request: keepalive
2025-12-15 11:23:45,463 DEBUG   HandlerThread:23333 [handler.py:handle_request():146] handle_request: keepalive
2025-12-15 11:23:49,915 INFO    SenderThread:23333 [dir_watcher.py:__init__():211] watching files in: /DATA2025/cjh/AAAI2025-LReID-DASK/wandb/run-20251215_112225-tfia7qpc/files
2025-12-15 11:23:49,916 INFO    SenderThread:23333 [sender.py:_start_run_threads():1122] run started: tfia7qpc with start time 1765768945.428476
2025-12-15 11:23:49,916 DEBUG   HandlerThread:23333 [handler.py:handle_request():146] handle_request: status_report
2025-12-15 11:23:49,927 DEBUG   HandlerThread:23333 [handler.py:handle_request():146] handle_request: check_version
2025-12-15 11:23:49,928 DEBUG   SenderThread:23333 [sender.py:send_request():407] send_request: check_version
2025-12-15 11:23:50,385 DEBUG   HandlerThread:23333 [handler.py:handle_request():146] handle_request: run_start
2025-12-15 11:23:50,406 DEBUG   HandlerThread:23333 [system_info.py:__init__():32] System info init
2025-12-15 11:23:50,406 DEBUG   HandlerThread:23333 [system_info.py:__init__():47] System info init done
2025-12-15 11:23:50,406 INFO    HandlerThread:23333 [system_monitor.py:start():194] Starting system monitor
2025-12-15 11:23:50,406 INFO    SystemMonitor:23333 [system_monitor.py:_start():158] Starting system asset monitoring threads
2025-12-15 11:23:50,407 INFO    HandlerThread:23333 [system_monitor.py:probe():214] Collecting system info
2025-12-15 11:23:50,407 INFO    SystemMonitor:23333 [interfaces.py:start():190] Started cpu monitoring
2025-12-15 11:23:50,409 INFO    SystemMonitor:23333 [interfaces.py:start():190] Started disk monitoring
2025-12-15 11:23:50,410 INFO    SystemMonitor:23333 [interfaces.py:start():190] Started gpu monitoring
2025-12-15 11:23:50,411 INFO    SystemMonitor:23333 [interfaces.py:start():190] Started memory monitoring
2025-12-15 11:23:50,412 INFO    SystemMonitor:23333 [interfaces.py:start():190] Started network monitoring
2025-12-15 11:23:50,475 DEBUG   HandlerThread:23333 [system_info.py:probe():196] Probing system
2025-12-15 11:23:50,476 DEBUG   HandlerThread:23333 [system_info.py:probe():244] Probing system done
2025-12-15 11:23:50,476 DEBUG   HandlerThread:23333 [system_monitor.py:probe():223] {'os': 'Linux-4.15.0-142-generic-x86_64-with-glibc2.17', 'python': '3.8.20', 'heartbeatAt': '2025-12-15T03:23:50.475749', 'startedAt': '2025-12-15T03:22:25.417594', 'docker': None, 'cuda': '10.0.130', 'args': ('--mobile', '--batch-size', '128', '--logs-dir', '/DATA2025/cjh/AAAI2025-LReID-DASK/output', '--data-dir', '/DATA2025/cjh/AAAI2025-LReID-DASK/PRID', '--dropout', '0.5', '--l2sp-weight', '0.01', '--middle_test', '--fisher-freeze', '--fisher-ratio', '0.5', '--fisher-sample-num', '1000', '--setting', '3'), 'state': 'running', 'program': 'continual_train.py', 'codePathLocal': 'continual_train.py', 'codePath': 'continual_train.py', 'host': 'xmu-MRI', 'username': 'cjh', 'executable': '/DATA2025/cjh/envs/IRL/bin/python', 'cpu_count': 16, 'cpu_count_logical': 32, 'cpu_freq': {'current': 1383.5895312499997, 'min': 1200.0, 'max': 3000.0}, 'cpu_freq_per_core': [{'current': 1683.078, 'min': 1200.0, 'max': 3000.0}, {'current': 1211.252, 'min': 1200.0, 'max': 3000.0}, {'current': 1806.063, 'min': 1200.0, 'max': 3000.0}, {'current': 1205.898, 'min': 1200.0, 'max': 3000.0}, {'current': 1203.894, 'min': 1200.0, 'max': 3000.0}, {'current': 2627.356, 'min': 1200.0, 'max': 3000.0}, {'current': 1200.432, 'min': 1200.0, 'max': 3000.0}, {'current': 1203.092, 'min': 1200.0, 'max': 3000.0}, {'current': 1312.367, 'min': 1200.0, 'max': 3000.0}, {'current': 1200.303, 'min': 1200.0, 'max': 3000.0}, {'current': 1200.254, 'min': 1200.0, 'max': 3000.0}, {'current': 1200.363, 'min': 1200.0, 'max': 3000.0}, {'current': 2100.042, 'min': 1200.0, 'max': 3000.0}, {'current': 1200.766, 'min': 1200.0, 'max': 3000.0}, {'current': 1201.394, 'min': 1200.0, 'max': 3000.0}, {'current': 1201.018, 'min': 1200.0, 'max': 3000.0}, {'current': 1449.864, 'min': 1200.0, 'max': 3000.0}, {'current': 1323.31, 'min': 1200.0, 'max': 3000.0}, {'current': 1853.269, 'min': 1200.0, 'max': 3000.0}, {'current': 1200.132, 'min': 1200.0, 'max': 3000.0}, {'current': 1200.101, 'min': 1200.0, 'max': 3000.0}, {'current': 2686.256, 'min': 1200.0, 'max': 3000.0}, {'current': 1200.684, 'min': 1200.0, 'max': 3000.0}, {'current': 1201.073, 'min': 1200.0, 'max': 3000.0}, {'current': 1369.461, 'min': 1200.0, 'max': 3000.0}, {'current': 1200.611, 'min': 1200.0, 'max': 3000.0}, {'current': 1200.629, 'min': 1200.0, 'max': 3000.0}, {'current': 1200.234, 'min': 1200.0, 'max': 3000.0}, {'current': 2100.019, 'min': 1200.0, 'max': 3000.0}, {'current': 1200.512, 'min': 1200.0, 'max': 3000.0}, {'current': 1200.361, 'min': 1200.0, 'max': 3000.0}, {'current': 1200.348, 'min': 1200.0, 'max': 3000.0}], 'disk': {'/': {'total': 28.036212921142578, 'used': 24.56378173828125}}, 'gpu': 'NVIDIA GeForce RTX 4090', 'gpu_count': 6, 'gpu_devices': [{'name': 'NVIDIA GeForce RTX 4090', 'memory_total': 25757220864}, {'name': 'NVIDIA GeForce RTX 2080 Ti', 'memory_total': 11811160064}, {'name': 'NVIDIA GeForce RTX 2080 Ti', 'memory_total': 11811160064}, {'name': 'NVIDIA GeForce RTX 2080 Ti', 'memory_total': 11811160064}, {'name': 'NVIDIA GeForce RTX 2080 Ti', 'memory_total': 11811160064}, {'name': 'NVIDIA GeForce RTX 2080 Ti', 'memory_total': 11811160064}], 'memory': {'total': 125.79247665405273}}
2025-12-15 11:23:50,476 INFO    HandlerThread:23333 [system_monitor.py:probe():224] Finished collecting system info
2025-12-15 11:23:50,476 INFO    HandlerThread:23333 [system_monitor.py:probe():227] Publishing system info
2025-12-15 11:23:50,476 DEBUG   HandlerThread:23333 [system_info.py:_save_pip():52] Saving list of pip packages installed into the current environment
2025-12-15 11:23:50,477 DEBUG   HandlerThread:23333 [system_info.py:_save_pip():68] Saving pip packages done
2025-12-15 11:23:50,477 DEBUG   HandlerThread:23333 [system_info.py:_save_conda():75] Saving list of conda packages installed into the current environment
2025-12-15 11:23:50,918 INFO    Thread-12 :23333 [dir_watcher.py:_on_file_created():271] file/dir created: /DATA2025/cjh/AAAI2025-LReID-DASK/wandb/run-20251215_112225-tfia7qpc/files/conda-environment.yaml
2025-12-15 11:23:50,918 INFO    Thread-12 :23333 [dir_watcher.py:_on_file_created():271] file/dir created: /DATA2025/cjh/AAAI2025-LReID-DASK/wandb/run-20251215_112225-tfia7qpc/files/requirements.txt
2025-12-15 11:23:53,443 DEBUG   HandlerThread:23333 [system_info.py:_save_conda():87] Saving conda packages done
2025-12-15 11:23:53,445 INFO    HandlerThread:23333 [system_monitor.py:probe():229] Finished publishing system info
2025-12-15 11:23:53,458 DEBUG   SenderThread:23333 [sender.py:send():380] send: files
2025-12-15 11:23:53,458 INFO    SenderThread:23333 [sender.py:_save_file():1378] saving file wandb-metadata.json with policy now
2025-12-15 11:23:53,472 DEBUG   HandlerThread:23333 [handler.py:handle_request():146] handle_request: stop_status
2025-12-15 11:23:53,473 DEBUG   SenderThread:23333 [sender.py:send_request():407] send_request: stop_status
2025-12-15 11:23:53,478 DEBUG   HandlerThread:23333 [handler.py:handle_request():146] handle_request: internal_messages
2025-12-15 11:23:53,918 INFO    Thread-12 :23333 [dir_watcher.py:_on_file_modified():288] file/dir modified: /DATA2025/cjh/AAAI2025-LReID-DASK/wandb/run-20251215_112225-tfia7qpc/files/conda-environment.yaml
2025-12-15 11:23:53,919 INFO    Thread-12 :23333 [dir_watcher.py:_on_file_created():271] file/dir created: /DATA2025/cjh/AAAI2025-LReID-DASK/wandb/run-20251215_112225-tfia7qpc/files/wandb-metadata.json
2025-12-15 11:23:54,144 DEBUG   SenderThread:23333 [sender.py:send():380] send: telemetry
2025-12-15 11:23:54,761 INFO    wandb-upload_0:23333 [upload_job.py:push():131] Uploaded file /tmp/tmpnw_yposhwandb/5wifzgbt-wandb-metadata.json
2025-12-15 11:23:54,918 INFO    Thread-12 :23333 [dir_watcher.py:_on_file_created():271] file/dir created: /DATA2025/cjh/AAAI2025-LReID-DASK/wandb/run-20251215_112225-tfia7qpc/files/output.log
2025-12-15 11:23:55,255 DEBUG   HandlerThread:23333 [handler.py:handle_request():146] handle_request: status_report
2025-12-15 11:23:56,919 INFO    Thread-12 :23333 [dir_watcher.py:_on_file_modified():288] file/dir modified: /DATA2025/cjh/AAAI2025-LReID-DASK/wandb/run-20251215_112225-tfia7qpc/files/output.log
2025-12-15 11:23:58,920 INFO    Thread-12 :23333 [dir_watcher.py:_on_file_modified():288] file/dir modified: /DATA2025/cjh/AAAI2025-LReID-DASK/wandb/run-20251215_112225-tfia7qpc/files/output.log
2025-12-15 11:24:00,236 DEBUG   SenderThread:23333 [sender.py:send():380] send: telemetry
2025-12-15 11:24:00,237 DEBUG   SenderThread:23333 [sender.py:send():380] send: telemetry
2025-12-15 11:24:00,737 DEBUG   HandlerThread:23333 [handler.py:handle_request():146] handle_request: status_report
2025-12-15 11:24:02,922 INFO    Thread-12 :23333 [dir_watcher.py:_on_file_modified():288] file/dir modified: /DATA2025/cjh/AAAI2025-LReID-DASK/wandb/run-20251215_112225-tfia7qpc/files/output.log
2025-12-15 11:24:05,738 DEBUG   HandlerThread:23333 [handler.py:handle_request():146] handle_request: status_report
2025-12-15 11:24:08,473 DEBUG   HandlerThread:23333 [handler.py:handle_request():146] handle_request: stop_status
2025-12-15 11:24:08,474 DEBUG   HandlerThread:23333 [handler.py:handle_request():146] handle_request: internal_messages
2025-12-15 11:24:08,474 DEBUG   SenderThread:23333 [sender.py:send_request():407] send_request: stop_status
2025-12-15 11:24:10,577 DEBUG   HandlerThread:23333 [handler.py:handle_request():146] handle_request: partial_history
2025-12-15 11:24:10,580 DEBUG   SenderThread:23333 [sender.py:send():380] send: history
2025-12-15 11:24:10,580 DEBUG   SenderThread:23333 [sender.py:send_request():407] send_request: summary_record
2025-12-15 11:24:10,581 INFO    SenderThread:23333 [sender.py:_save_file():1378] saving file wandb-summary.json with policy end
2025-12-15 11:24:10,925 INFO    Thread-12 :23333 [dir_watcher.py:_on_file_created():271] file/dir created: /DATA2025/cjh/AAAI2025-LReID-DASK/wandb/run-20251215_112225-tfia7qpc/files/wandb-summary.json
2025-12-15 11:24:11,582 DEBUG   HandlerThread:23333 [handler.py:handle_request():146] handle_request: status_report
2025-12-15 11:24:16,582 DEBUG   HandlerThread:23333 [handler.py:handle_request():146] handle_request: status_report
2025-12-15 11:24:21,588 DEBUG   HandlerThread:23333 [handler.py:handle_request():146] handle_request: status_report
2025-12-15 11:24:21,932 INFO    Thread-12 :23333 [dir_watcher.py:_on_file_modified():288] file/dir modified: /DATA2025/cjh/AAAI2025-LReID-DASK/wandb/run-20251215_112225-tfia7qpc/files/config.yaml
2025-12-15 11:24:23,472 DEBUG   HandlerThread:23333 [handler.py:handle_request():146] handle_request: stop_status
2025-12-15 11:24:23,473 DEBUG   SenderThread:23333 [sender.py:send_request():407] send_request: stop_status
2025-12-15 11:24:23,473 DEBUG   HandlerThread:23333 [handler.py:handle_request():146] handle_request: internal_messages
2025-12-15 11:24:27,821 DEBUG   HandlerThread:23333 [handler.py:handle_request():146] handle_request: status_report
2025-12-15 11:24:32,822 DEBUG   HandlerThread:23333 [handler.py:handle_request():146] handle_request: status_report
2025-12-15 11:24:37,822 DEBUG   HandlerThread:23333 [handler.py:handle_request():146] handle_request: status_report
2025-12-15 11:24:38,472 DEBUG   HandlerThread:23333 [handler.py:handle_request():146] handle_request: stop_status
2025-12-15 11:24:38,472 DEBUG   SenderThread:23333 [sender.py:send_request():407] send_request: stop_status
2025-12-15 11:24:38,514 DEBUG   HandlerThread:23333 [handler.py:handle_request():146] handle_request: internal_messages
2025-12-15 11:24:42,893 DEBUG   HandlerThread:23333 [handler.py:handle_request():146] handle_request: status_report
2025-12-15 11:24:47,894 DEBUG   HandlerThread:23333 [handler.py:handle_request():146] handle_request: status_report
2025-12-15 11:24:50,413 DEBUG   SystemMonitor:23333 [system_monitor.py:_start():172] Starting system metrics aggregation loop
2025-12-15 11:24:50,417 DEBUG   SenderThread:23333 [sender.py:send():380] send: stats
2025-12-15 11:24:53,419 DEBUG   HandlerThread:23333 [handler.py:handle_request():146] handle_request: status_report
2025-12-15 11:24:53,472 DEBUG   HandlerThread:23333 [handler.py:handle_request():146] handle_request: stop_status
2025-12-15 11:24:53,473 DEBUG   SenderThread:23333 [sender.py:send_request():407] send_request: stop_status
2025-12-15 11:24:53,514 DEBUG   HandlerThread:23333 [handler.py:handle_request():146] handle_request: internal_messages
2025-12-15 11:24:58,777 DEBUG   HandlerThread:23333 [handler.py:handle_request():146] handle_request: status_report
2025-12-15 11:25:03,777 DEBUG   HandlerThread:23333 [handler.py:handle_request():146] handle_request: status_report
2025-12-15 11:25:08,473 DEBUG   HandlerThread:23333 [handler.py:handle_request():146] handle_request: stop_status
2025-12-15 11:25:08,474 DEBUG   SenderThread:23333 [sender.py:send_request():407] send_request: stop_status
2025-12-15 11:25:08,514 DEBUG   HandlerThread:23333 [handler.py:handle_request():146] handle_request: internal_messages
2025-12-15 11:25:08,804 DEBUG   HandlerThread:23333 [handler.py:handle_request():146] handle_request: status_report
2025-12-15 11:25:13,805 DEBUG   HandlerThread:23333 [handler.py:handle_request():146] handle_request: status_report
2025-12-15 11:25:18,806 DEBUG   HandlerThread:23333 [handler.py:handle_request():146] handle_request: status_report
2025-12-15 11:25:20,419 DEBUG   SenderThread:23333 [sender.py:send():380] send: stats
2025-12-15 11:25:23,473 DEBUG   HandlerThread:23333 [handler.py:handle_request():146] handle_request: stop_status
2025-12-15 11:25:23,474 DEBUG   SenderThread:23333 [sender.py:send_request():407] send_request: stop_status
2025-12-15 11:25:23,514 DEBUG   HandlerThread:23333 [handler.py:handle_request():146] handle_request: internal_messages
2025-12-15 11:25:24,744 DEBUG   HandlerThread:23333 [handler.py:handle_request():146] handle_request: status_report
2025-12-15 11:25:29,747 DEBUG   HandlerThread:23333 [handler.py:handle_request():146] handle_request: status_report
2025-12-15 11:25:34,747 DEBUG   HandlerThread:23333 [handler.py:handle_request():146] handle_request: status_report
2025-12-15 11:25:38,474 DEBUG   HandlerThread:23333 [handler.py:handle_request():146] handle_request: stop_status
2025-12-15 11:25:38,474 DEBUG   SenderThread:23333 [sender.py:send_request():407] send_request: stop_status
2025-12-15 11:25:38,514 DEBUG   HandlerThread:23333 [handler.py:handle_request():146] handle_request: internal_messages
2025-12-15 11:25:39,805 DEBUG   HandlerThread:23333 [handler.py:handle_request():146] handle_request: status_report
2025-12-15 11:25:44,806 DEBUG   HandlerThread:23333 [handler.py:handle_request():146] handle_request: status_report
2025-12-15 11:25:49,807 DEBUG   HandlerThread:23333 [handler.py:handle_request():146] handle_request: status_report
2025-12-15 11:25:50,422 DEBUG   SenderThread:23333 [sender.py:send():380] send: stats
2025-12-15 11:25:53,474 DEBUG   HandlerThread:23333 [handler.py:handle_request():146] handle_request: stop_status
2025-12-15 11:25:53,474 DEBUG   SenderThread:23333 [sender.py:send_request():407] send_request: stop_status
2025-12-15 11:25:53,514 DEBUG   HandlerThread:23333 [handler.py:handle_request():146] handle_request: internal_messages
2025-12-15 11:25:54,847 DEBUG   HandlerThread:23333 [handler.py:handle_request():146] handle_request: status_report
2025-12-15 11:25:59,848 DEBUG   HandlerThread:23333 [handler.py:handle_request():146] handle_request: status_report
2025-12-15 11:26:04,849 DEBUG   HandlerThread:23333 [handler.py:handle_request():146] handle_request: status_report
2025-12-15 11:26:08,474 DEBUG   HandlerThread:23333 [handler.py:handle_request():146] handle_request: stop_status
2025-12-15 11:26:08,475 DEBUG   SenderThread:23333 [sender.py:send_request():407] send_request: stop_status
2025-12-15 11:26:08,514 DEBUG   HandlerThread:23333 [handler.py:handle_request():146] handle_request: internal_messages
2025-12-15 11:26:10,778 DEBUG   HandlerThread:23333 [handler.py:handle_request():146] handle_request: status_report
2025-12-15 11:26:15,779 DEBUG   HandlerThread:23333 [handler.py:handle_request():146] handle_request: status_report
2025-12-15 11:26:20,425 DEBUG   SenderThread:23333 [sender.py:send():380] send: stats
2025-12-15 11:26:21,428 DEBUG   HandlerThread:23333 [handler.py:handle_request():146] handle_request: status_report
2025-12-15 11:26:23,474 DEBUG   HandlerThread:23333 [handler.py:handle_request():146] handle_request: stop_status
2025-12-15 11:26:23,475 DEBUG   SenderThread:23333 [sender.py:send_request():407] send_request: stop_status
2025-12-15 11:26:23,519 DEBUG   HandlerThread:23333 [handler.py:handle_request():146] handle_request: internal_messages
2025-12-15 11:26:26,741 DEBUG   HandlerThread:23333 [handler.py:handle_request():146] handle_request: status_report
2025-12-15 11:26:31,742 DEBUG   HandlerThread:23333 [handler.py:handle_request():146] handle_request: status_report
2025-12-15 11:26:36,743 DEBUG   HandlerThread:23333 [handler.py:handle_request():146] handle_request: status_report
2025-12-15 11:26:38,475 DEBUG   HandlerThread:23333 [handler.py:handle_request():146] handle_request: stop_status
2025-12-15 11:26:38,476 DEBUG   SenderThread:23333 [sender.py:send_request():407] send_request: stop_status
2025-12-15 11:26:38,518 DEBUG   HandlerThread:23333 [handler.py:handle_request():146] handle_request: internal_messages
2025-12-15 11:26:41,812 DEBUG   HandlerThread:23333 [handler.py:handle_request():146] handle_request: status_report
2025-12-15 11:26:46,813 DEBUG   HandlerThread:23333 [handler.py:handle_request():146] handle_request: status_report
2025-12-15 11:26:50,428 DEBUG   SenderThread:23333 [sender.py:send():380] send: stats
2025-12-15 11:26:52,430 DEBUG   HandlerThread:23333 [handler.py:handle_request():146] handle_request: status_report
2025-12-15 11:26:53,476 DEBUG   HandlerThread:23333 [handler.py:handle_request():146] handle_request: stop_status
2025-12-15 11:26:53,476 DEBUG   SenderThread:23333 [sender.py:send_request():407] send_request: stop_status
2025-12-15 11:26:53,518 DEBUG   HandlerThread:23333 [handler.py:handle_request():146] handle_request: internal_messages
2025-12-15 11:26:57,742 DEBUG   HandlerThread:23333 [handler.py:handle_request():146] handle_request: status_report
2025-12-15 11:27:02,744 DEBUG   HandlerThread:23333 [handler.py:handle_request():146] handle_request: status_report
2025-12-15 11:27:07,745 DEBUG   HandlerThread:23333 [handler.py:handle_request():146] handle_request: status_report
2025-12-15 11:27:08,475 DEBUG   HandlerThread:23333 [handler.py:handle_request():146] handle_request: stop_status
2025-12-15 11:27:08,476 DEBUG   SenderThread:23333 [sender.py:send_request():407] send_request: stop_status
2025-12-15 11:27:08,518 DEBUG   HandlerThread:23333 [handler.py:handle_request():146] handle_request: internal_messages
2025-12-15 11:27:12,850 DEBUG   HandlerThread:23333 [handler.py:handle_request():146] handle_request: status_report
2025-12-15 11:27:17,851 DEBUG   HandlerThread:23333 [handler.py:handle_request():146] handle_request: status_report
2025-12-15 11:27:20,431 DEBUG   SenderThread:23333 [sender.py:send():380] send: stats
2025-12-15 11:27:23,433 DEBUG   HandlerThread:23333 [handler.py:handle_request():146] handle_request: status_report
2025-12-15 11:27:23,476 DEBUG   HandlerThread:23333 [handler.py:handle_request():146] handle_request: stop_status
2025-12-15 11:27:23,477 DEBUG   SenderThread:23333 [sender.py:send_request():407] send_request: stop_status
2025-12-15 11:27:23,518 DEBUG   HandlerThread:23333 [handler.py:handle_request():146] handle_request: internal_messages
2025-12-15 11:27:28,763 DEBUG   HandlerThread:23333 [handler.py:handle_request():146] handle_request: status_report
2025-12-15 11:27:33,764 DEBUG   HandlerThread:23333 [handler.py:handle_request():146] handle_request: status_report
2025-12-15 11:27:38,476 DEBUG   HandlerThread:23333 [handler.py:handle_request():146] handle_request: stop_status
2025-12-15 11:27:38,477 DEBUG   SenderThread:23333 [sender.py:send_request():407] send_request: stop_status
2025-12-15 11:27:38,518 DEBUG   HandlerThread:23333 [handler.py:handle_request():146] handle_request: internal_messages
2025-12-15 11:27:39,729 DEBUG   HandlerThread:23333 [handler.py:handle_request():146] handle_request: status_report
2025-12-15 11:27:44,731 DEBUG   HandlerThread:23333 [handler.py:handle_request():146] handle_request: status_report
2025-12-15 11:27:49,732 DEBUG   HandlerThread:23333 [handler.py:handle_request():146] handle_request: status_report
2025-12-15 11:27:50,435 DEBUG   SenderThread:23333 [sender.py:send():380] send: stats
2025-12-15 11:27:53,476 DEBUG   HandlerThread:23333 [handler.py:handle_request():146] handle_request: stop_status
2025-12-15 11:27:53,477 DEBUG   SenderThread:23333 [sender.py:send_request():407] send_request: stop_status
2025-12-15 11:27:53,518 DEBUG   HandlerThread:23333 [handler.py:handle_request():146] handle_request: internal_messages
2025-12-15 11:27:54,813 DEBUG   HandlerThread:23333 [handler.py:handle_request():146] handle_request: status_report
2025-12-15 11:27:59,814 DEBUG   HandlerThread:23333 [handler.py:handle_request():146] handle_request: status_report
2025-12-15 11:28:04,815 DEBUG   HandlerThread:23333 [handler.py:handle_request():146] handle_request: status_report
2025-12-15 11:28:08,476 DEBUG   HandlerThread:23333 [handler.py:handle_request():146] handle_request: stop_status
2025-12-15 11:28:08,477 DEBUG   SenderThread:23333 [sender.py:send_request():407] send_request: stop_status
2025-12-15 11:28:08,518 DEBUG   HandlerThread:23333 [handler.py:handle_request():146] handle_request: internal_messages
2025-12-15 11:28:09,834 DEBUG   HandlerThread:23333 [handler.py:handle_request():146] handle_request: status_report
2025-12-15 11:28:14,835 DEBUG   HandlerThread:23333 [handler.py:handle_request():146] handle_request: status_report
2025-12-15 11:28:19,836 DEBUG   HandlerThread:23333 [handler.py:handle_request():146] handle_request: status_report
2025-12-15 11:28:20,452 DEBUG   SenderThread:23333 [sender.py:send():380] send: stats
2025-12-15 11:28:23,477 DEBUG   HandlerThread:23333 [handler.py:handle_request():146] handle_request: stop_status
2025-12-15 11:28:23,478 DEBUG   SenderThread:23333 [sender.py:send_request():407] send_request: stop_status
2025-12-15 11:28:23,518 DEBUG   HandlerThread:23333 [handler.py:handle_request():146] handle_request: internal_messages
2025-12-15 11:28:25,723 DEBUG   HandlerThread:23333 [handler.py:handle_request():146] handle_request: status_report
2025-12-15 11:28:30,724 DEBUG   HandlerThread:23333 [handler.py:handle_request():146] handle_request: status_report
2025-12-15 11:28:35,725 DEBUG   HandlerThread:23333 [handler.py:handle_request():146] handle_request: status_report
2025-12-15 11:28:38,477 DEBUG   HandlerThread:23333 [handler.py:handle_request():146] handle_request: stop_status
2025-12-15 11:28:38,478 DEBUG   SenderThread:23333 [sender.py:send_request():407] send_request: stop_status
2025-12-15 11:28:38,518 DEBUG   HandlerThread:23333 [handler.py:handle_request():146] handle_request: internal_messages
2025-12-15 11:28:40,791 DEBUG   HandlerThread:23333 [handler.py:handle_request():146] handle_request: status_report
2025-12-15 11:28:45,792 DEBUG   HandlerThread:23333 [handler.py:handle_request():146] handle_request: status_report
2025-12-15 11:28:50,440 DEBUG   SenderThread:23333 [sender.py:send():380] send: stats
2025-12-15 11:28:51,442 DEBUG   HandlerThread:23333 [handler.py:handle_request():146] handle_request: status_report
2025-12-15 11:28:53,478 DEBUG   HandlerThread:23333 [handler.py:handle_request():146] handle_request: stop_status
2025-12-15 11:28:53,478 DEBUG   SenderThread:23333 [sender.py:send_request():407] send_request: stop_status
2025-12-15 11:28:53,519 DEBUG   HandlerThread:23333 [handler.py:handle_request():146] handle_request: internal_messages
2025-12-15 11:28:56,810 DEBUG   HandlerThread:23333 [handler.py:handle_request():146] handle_request: status_report
2025-12-15 11:29:01,811 DEBUG   HandlerThread:23333 [handler.py:handle_request():146] handle_request: status_report
2025-12-15 11:29:06,813 DEBUG   HandlerThread:23333 [handler.py:handle_request():146] handle_request: status_report
2025-12-15 11:29:08,478 DEBUG   HandlerThread:23333 [handler.py:handle_request():146] handle_request: stop_status
2025-12-15 11:29:08,479 DEBUG   SenderThread:23333 [sender.py:send_request():407] send_request: stop_status
2025-12-15 11:29:08,518 DEBUG   HandlerThread:23333 [handler.py:handle_request():146] handle_request: internal_messages
2025-12-15 11:29:12,783 DEBUG   HandlerThread:23333 [handler.py:handle_request():146] handle_request: status_report
2025-12-15 11:29:17,784 DEBUG   HandlerThread:23333 [handler.py:handle_request():146] handle_request: status_report
2025-12-15 11:29:20,447 DEBUG   SenderThread:23333 [sender.py:send():380] send: stats
2025-12-15 11:29:23,449 DEBUG   HandlerThread:23333 [handler.py:handle_request():146] handle_request: status_report
2025-12-15 11:29:23,479 DEBUG   HandlerThread:23333 [handler.py:handle_request():146] handle_request: stop_status
2025-12-15 11:29:23,479 DEBUG   SenderThread:23333 [sender.py:send_request():407] send_request: stop_status
2025-12-15 11:29:23,522 DEBUG   HandlerThread:23333 [handler.py:handle_request():146] handle_request: internal_messages
2025-12-15 11:29:28,783 DEBUG   HandlerThread:23333 [handler.py:handle_request():146] handle_request: status_report
2025-12-15 11:29:33,784 DEBUG   HandlerThread:23333 [handler.py:handle_request():146] handle_request: status_report
2025-12-15 11:29:38,479 DEBUG   HandlerThread:23333 [handler.py:handle_request():146] handle_request: stop_status
2025-12-15 11:29:38,480 DEBUG   SenderThread:23333 [sender.py:send_request():407] send_request: stop_status
2025-12-15 11:29:38,522 DEBUG   HandlerThread:23333 [handler.py:handle_request():146] handle_request: internal_messages
2025-12-15 11:29:39,746 DEBUG   HandlerThread:23333 [handler.py:handle_request():146] handle_request: status_report
2025-12-15 11:29:44,747 DEBUG   HandlerThread:23333 [handler.py:handle_request():146] handle_request: status_report
2025-12-15 11:29:49,748 DEBUG   HandlerThread:23333 [handler.py:handle_request():146] handle_request: status_report
2025-12-15 11:29:50,444 DEBUG   SenderThread:23333 [sender.py:send():380] send: stats
2025-12-15 11:29:53,479 DEBUG   HandlerThread:23333 [handler.py:handle_request():146] handle_request: stop_status
2025-12-15 11:29:53,480 DEBUG   SenderThread:23333 [sender.py:send_request():407] send_request: stop_status
2025-12-15 11:29:53,522 DEBUG   HandlerThread:23333 [handler.py:handle_request():146] handle_request: internal_messages
2025-12-15 11:29:54,797 DEBUG   HandlerThread:23333 [handler.py:handle_request():146] handle_request: status_report
2025-12-15 11:29:59,798 DEBUG   HandlerThread:23333 [handler.py:handle_request():146] handle_request: status_report
2025-12-15 11:30:04,799 DEBUG   HandlerThread:23333 [handler.py:handle_request():146] handle_request: status_report
2025-12-15 11:30:08,479 DEBUG   HandlerThread:23333 [handler.py:handle_request():146] handle_request: stop_status
2025-12-15 11:30:08,480 DEBUG   SenderThread:23333 [sender.py:send_request():407] send_request: stop_status
2025-12-15 11:30:08,522 DEBUG   HandlerThread:23333 [handler.py:handle_request():146] handle_request: internal_messages
2025-12-15 11:30:09,812 DEBUG   HandlerThread:23333 [handler.py:handle_request():146] handle_request: status_report
2025-12-15 11:30:14,813 DEBUG   HandlerThread:23333 [handler.py:handle_request():146] handle_request: status_report
2025-12-15 11:30:19,814 DEBUG   HandlerThread:23333 [handler.py:handle_request():146] handle_request: status_report
2025-12-15 11:30:20,448 DEBUG   SenderThread:23333 [sender.py:send():380] send: stats
2025-12-15 11:30:23,480 DEBUG   HandlerThread:23333 [handler.py:handle_request():146] handle_request: stop_status
2025-12-15 11:30:23,480 DEBUG   SenderThread:23333 [sender.py:send_request():407] send_request: stop_status
2025-12-15 11:30:23,522 DEBUG   HandlerThread:23333 [handler.py:handle_request():146] handle_request: internal_messages
2025-12-15 11:30:25,814 DEBUG   HandlerThread:23333 [handler.py:handle_request():146] handle_request: status_report
2025-12-15 11:30:30,815 DEBUG   HandlerThread:23333 [handler.py:handle_request():146] handle_request: status_report
2025-12-15 11:30:35,817 DEBUG   HandlerThread:23333 [handler.py:handle_request():146] handle_request: status_report
2025-12-15 11:30:38,481 DEBUG   HandlerThread:23333 [handler.py:handle_request():146] handle_request: stop_status
2025-12-15 11:30:38,481 DEBUG   SenderThread:23333 [sender.py:send_request():407] send_request: stop_status
2025-12-15 11:30:38,522 DEBUG   HandlerThread:23333 [handler.py:handle_request():146] handle_request: internal_messages
2025-12-15 11:30:40,844 DEBUG   HandlerThread:23333 [handler.py:handle_request():146] handle_request: status_report
2025-12-15 11:30:45,845 DEBUG   HandlerThread:23333 [handler.py:handle_request():146] handle_request: status_report
2025-12-15 11:30:50,450 DEBUG   SenderThread:23333 [sender.py:send():380] send: stats
2025-12-15 11:30:51,452 DEBUG   HandlerThread:23333 [handler.py:handle_request():146] handle_request: status_report
2025-12-15 11:30:53,480 DEBUG   HandlerThread:23333 [handler.py:handle_request():146] handle_request: stop_status
2025-12-15 11:30:53,480 DEBUG   SenderThread:23333 [sender.py:send_request():407] send_request: stop_status
2025-12-15 11:30:53,522 DEBUG   HandlerThread:23333 [handler.py:handle_request():146] handle_request: internal_messages
2025-12-15 11:30:56,813 DEBUG   HandlerThread:23333 [handler.py:handle_request():146] handle_request: status_report
2025-12-15 11:31:01,814 DEBUG   HandlerThread:23333 [handler.py:handle_request():146] handle_request: status_report
2025-12-15 11:31:06,815 DEBUG   HandlerThread:23333 [handler.py:handle_request():146] handle_request: status_report
2025-12-15 11:31:08,480 DEBUG   HandlerThread:23333 [handler.py:handle_request():146] handle_request: stop_status
2025-12-15 11:31:08,481 DEBUG   SenderThread:23333 [sender.py:send_request():407] send_request: stop_status
2025-12-15 11:31:08,522 DEBUG   HandlerThread:23333 [handler.py:handle_request():146] handle_request: internal_messages
2025-12-15 11:31:11,817 DEBUG   HandlerThread:23333 [handler.py:handle_request():146] handle_request: status_report
2025-12-15 11:31:16,818 DEBUG   HandlerThread:23333 [handler.py:handle_request():146] handle_request: status_report
2025-12-15 11:31:20,453 DEBUG   SenderThread:23333 [sender.py:send():380] send: stats
2025-12-15 11:31:22,455 DEBUG   HandlerThread:23333 [handler.py:handle_request():146] handle_request: status_report
2025-12-15 11:31:23,480 DEBUG   HandlerThread:23333 [handler.py:handle_request():146] handle_request: stop_status
2025-12-15 11:31:23,481 DEBUG   SenderThread:23333 [sender.py:send_request():407] send_request: stop_status
2025-12-15 11:31:23,522 DEBUG   HandlerThread:23333 [handler.py:handle_request():146] handle_request: internal_messages
2025-12-15 11:31:27,854 DEBUG   HandlerThread:23333 [handler.py:handle_request():146] handle_request: status_report
2025-12-15 11:31:32,855 DEBUG   HandlerThread:23333 [handler.py:handle_request():146] handle_request: status_report
2025-12-15 11:31:37,856 DEBUG   HandlerThread:23333 [handler.py:handle_request():146] handle_request: status_report
2025-12-15 11:31:38,481 DEBUG   HandlerThread:23333 [handler.py:handle_request():146] handle_request: stop_status
2025-12-15 11:31:38,481 DEBUG   SenderThread:23333 [sender.py:send_request():407] send_request: stop_status
2025-12-15 11:31:38,522 DEBUG   HandlerThread:23333 [handler.py:handle_request():146] handle_request: internal_messages
2025-12-15 11:31:43,819 DEBUG   HandlerThread:23333 [handler.py:handle_request():146] handle_request: status_report
2025-12-15 11:31:48,820 DEBUG   HandlerThread:23333 [handler.py:handle_request():146] handle_request: status_report
2025-12-15 11:31:50,455 DEBUG   SenderThread:23333 [sender.py:send():380] send: stats
2025-12-15 11:31:53,481 DEBUG   HandlerThread:23333 [handler.py:handle_request():146] handle_request: stop_status
2025-12-15 11:31:53,482 DEBUG   SenderThread:23333 [sender.py:send_request():407] send_request: stop_status
2025-12-15 11:31:53,522 DEBUG   HandlerThread:23333 [handler.py:handle_request():146] handle_request: internal_messages
2025-12-15 11:31:54,808 DEBUG   HandlerThread:23333 [handler.py:handle_request():146] handle_request: status_report
2025-12-15 11:31:59,809 DEBUG   HandlerThread:23333 [handler.py:handle_request():146] handle_request: status_report
2025-12-15 11:32:04,810 DEBUG   HandlerThread:23333 [handler.py:handle_request():146] handle_request: status_report
2025-12-15 11:32:08,481 DEBUG   HandlerThread:23333 [handler.py:handle_request():146] handle_request: stop_status
2025-12-15 11:32:08,482 DEBUG   SenderThread:23333 [sender.py:send_request():407] send_request: stop_status
2025-12-15 11:32:08,522 DEBUG   HandlerThread:23333 [handler.py:handle_request():146] handle_request: internal_messages
2025-12-15 11:32:09,834 DEBUG   HandlerThread:23333 [handler.py:handle_request():146] handle_request: status_report
2025-12-15 11:32:14,835 DEBUG   HandlerThread:23333 [handler.py:handle_request():146] handle_request: status_report
2025-12-15 11:32:19,836 DEBUG   HandlerThread:23333 [handler.py:handle_request():146] handle_request: status_report
2025-12-15 11:32:20,458 DEBUG   SenderThread:23333 [sender.py:send():380] send: stats
2025-12-15 11:32:23,482 DEBUG   HandlerThread:23333 [handler.py:handle_request():146] handle_request: stop_status
2025-12-15 11:32:23,483 DEBUG   SenderThread:23333 [sender.py:send_request():407] send_request: stop_status
2025-12-15 11:32:23,522 DEBUG   HandlerThread:23333 [handler.py:handle_request():146] handle_request: internal_messages
2025-12-15 11:32:24,861 DEBUG   HandlerThread:23333 [handler.py:handle_request():146] handle_request: status_report
2025-12-15 11:32:29,863 DEBUG   HandlerThread:23333 [handler.py:handle_request():146] handle_request: status_report
2025-12-15 11:32:34,864 DEBUG   HandlerThread:23333 [handler.py:handle_request():146] handle_request: status_report
2025-12-15 11:32:38,482 DEBUG   HandlerThread:23333 [handler.py:handle_request():146] handle_request: stop_status
2025-12-15 11:32:38,483 DEBUG   SenderThread:23333 [sender.py:send_request():407] send_request: stop_status
2025-12-15 11:32:38,526 DEBUG   HandlerThread:23333 [handler.py:handle_request():146] handle_request: internal_messages
2025-12-15 11:32:39,876 DEBUG   HandlerThread:23333 [handler.py:handle_request():146] handle_request: status_report
2025-12-15 11:32:44,878 DEBUG   HandlerThread:23333 [handler.py:handle_request():146] handle_request: status_report
2025-12-15 11:32:49,879 DEBUG   HandlerThread:23333 [handler.py:handle_request():146] handle_request: status_report
2025-12-15 11:32:50,461 DEBUG   SenderThread:23333 [sender.py:send():380] send: stats
2025-12-15 11:32:53,483 DEBUG   HandlerThread:23333 [handler.py:handle_request():146] handle_request: stop_status
2025-12-15 11:32:53,483 DEBUG   SenderThread:23333 [sender.py:send_request():407] send_request: stop_status
2025-12-15 11:32:53,526 DEBUG   HandlerThread:23333 [handler.py:handle_request():146] handle_request: internal_messages
2025-12-15 11:32:55,814 DEBUG   HandlerThread:23333 [handler.py:handle_request():146] handle_request: status_report
2025-12-15 11:33:00,815 DEBUG   HandlerThread:23333 [handler.py:handle_request():146] handle_request: status_report
2025-12-15 11:33:05,816 DEBUG   HandlerThread:23333 [handler.py:handle_request():146] handle_request: status_report
2025-12-15 11:33:08,483 DEBUG   HandlerThread:23333 [handler.py:handle_request():146] handle_request: stop_status
2025-12-15 11:33:08,484 DEBUG   SenderThread:23333 [sender.py:send_request():407] send_request: stop_status
2025-12-15 11:33:08,526 DEBUG   HandlerThread:23333 [handler.py:handle_request():146] handle_request: internal_messages
2025-12-15 11:33:11,742 DEBUG   HandlerThread:23333 [handler.py:handle_request():146] handle_request: status_report
2025-12-15 11:33:16,743 DEBUG   HandlerThread:23333 [handler.py:handle_request():146] handle_request: status_report
2025-12-15 11:33:20,464 DEBUG   SenderThread:23333 [sender.py:send():380] send: stats
2025-12-15 11:33:22,466 DEBUG   HandlerThread:23333 [handler.py:handle_request():146] handle_request: status_report
2025-12-15 11:33:23,483 DEBUG   HandlerThread:23333 [handler.py:handle_request():146] handle_request: stop_status
2025-12-15 11:33:23,483 DEBUG   SenderThread:23333 [sender.py:send_request():407] send_request: stop_status
2025-12-15 11:33:23,526 DEBUG   HandlerThread:23333 [handler.py:handle_request():146] handle_request: internal_messages
2025-12-15 11:33:27,922 DEBUG   HandlerThread:23333 [handler.py:handle_request():146] handle_request: status_report
2025-12-15 11:33:32,922 DEBUG   HandlerThread:23333 [handler.py:handle_request():146] handle_request: status_report
2025-12-15 11:33:37,923 DEBUG   HandlerThread:23333 [handler.py:handle_request():146] handle_request: status_report
2025-12-15 11:33:38,483 DEBUG   HandlerThread:23333 [handler.py:handle_request():146] handle_request: stop_status
2025-12-15 11:33:38,484 DEBUG   SenderThread:23333 [sender.py:send_request():407] send_request: stop_status
2025-12-15 11:33:38,526 DEBUG   HandlerThread:23333 [handler.py:handle_request():146] handle_request: internal_messages
2025-12-15 11:33:43,756 DEBUG   HandlerThread:23333 [handler.py:handle_request():146] handle_request: status_report
2025-12-15 11:33:48,757 DEBUG   HandlerThread:23333 [handler.py:handle_request():146] handle_request: status_report
2025-12-15 11:33:50,479 DEBUG   SenderThread:23333 [sender.py:send():380] send: stats
2025-12-15 11:33:53,484 DEBUG   HandlerThread:23333 [handler.py:handle_request():146] handle_request: stop_status
2025-12-15 11:33:53,484 DEBUG   SenderThread:23333 [sender.py:send_request():407] send_request: stop_status
2025-12-15 11:33:53,526 DEBUG   HandlerThread:23333 [handler.py:handle_request():146] handle_request: internal_messages
2025-12-15 11:33:53,801 DEBUG   HandlerThread:23333 [handler.py:handle_request():146] handle_request: status_report
2025-12-15 11:33:58,802 DEBUG   HandlerThread:23333 [handler.py:handle_request():146] handle_request: status_report
2025-12-15 11:34:03,803 DEBUG   HandlerThread:23333 [handler.py:handle_request():146] handle_request: status_report
2025-12-15 11:34:08,483 DEBUG   HandlerThread:23333 [handler.py:handle_request():146] handle_request: stop_status
2025-12-15 11:34:08,484 DEBUG   SenderThread:23333 [sender.py:send_request():407] send_request: stop_status
2025-12-15 11:34:08,526 DEBUG   HandlerThread:23333 [handler.py:handle_request():146] handle_request: internal_messages
2025-12-15 11:34:08,861 DEBUG   HandlerThread:23333 [handler.py:handle_request():146] handle_request: status_report
2025-12-15 11:34:13,861 DEBUG   HandlerThread:23333 [handler.py:handle_request():146] handle_request: status_report
2025-12-15 11:34:18,863 DEBUG   HandlerThread:23333 [handler.py:handle_request():146] handle_request: status_report
2025-12-15 11:34:20,469 DEBUG   SenderThread:23333 [sender.py:send():380] send: stats
2025-12-15 11:34:23,484 DEBUG   HandlerThread:23333 [handler.py:handle_request():146] handle_request: stop_status
2025-12-15 11:34:23,485 DEBUG   SenderThread:23333 [sender.py:send_request():407] send_request: stop_status
2025-12-15 11:34:23,526 DEBUG   HandlerThread:23333 [handler.py:handle_request():146] handle_request: internal_messages
2025-12-15 11:34:24,762 DEBUG   HandlerThread:23333 [handler.py:handle_request():146] handle_request: status_report
2025-12-15 11:34:29,763 DEBUG   HandlerThread:23333 [handler.py:handle_request():146] handle_request: status_report
2025-12-15 11:34:34,764 DEBUG   HandlerThread:23333 [handler.py:handle_request():146] handle_request: status_report
2025-12-15 11:34:38,484 DEBUG   HandlerThread:23333 [handler.py:handle_request():146] handle_request: stop_status
2025-12-15 11:34:38,485 DEBUG   SenderThread:23333 [sender.py:send_request():407] send_request: stop_status
2025-12-15 11:34:38,527 DEBUG   HandlerThread:23333 [handler.py:handle_request():146] handle_request: internal_messages
2025-12-15 11:34:39,873 DEBUG   HandlerThread:23333 [handler.py:handle_request():146] handle_request: status_report
2025-12-15 11:34:44,874 DEBUG   HandlerThread:23333 [handler.py:handle_request():146] handle_request: status_report
2025-12-15 11:34:49,875 DEBUG   HandlerThread:23333 [handler.py:handle_request():146] handle_request: status_report
2025-12-15 11:34:50,475 DEBUG   SenderThread:23333 [sender.py:send():380] send: stats
2025-12-15 11:34:53,484 DEBUG   HandlerThread:23333 [handler.py:handle_request():146] handle_request: stop_status
2025-12-15 11:34:53,485 DEBUG   SenderThread:23333 [sender.py:send_request():407] send_request: stop_status
2025-12-15 11:34:53,526 DEBUG   HandlerThread:23333 [handler.py:handle_request():146] handle_request: internal_messages
2025-12-15 11:34:55,816 DEBUG   HandlerThread:23333 [handler.py:handle_request():146] handle_request: status_report
2025-12-15 11:35:00,817 DEBUG   HandlerThread:23333 [handler.py:handle_request():146] handle_request: status_report
2025-12-15 11:35:05,818 DEBUG   HandlerThread:23333 [handler.py:handle_request():146] handle_request: status_report
2025-12-15 11:35:08,485 DEBUG   HandlerThread:23333 [handler.py:handle_request():146] handle_request: stop_status
2025-12-15 11:35:08,486 DEBUG   SenderThread:23333 [sender.py:send_request():407] send_request: stop_status
2025-12-15 11:35:08,526 DEBUG   HandlerThread:23333 [handler.py:handle_request():146] handle_request: internal_messages
2025-12-15 11:35:10,832 DEBUG   HandlerThread:23333 [handler.py:handle_request():146] handle_request: status_report
2025-12-15 11:35:15,833 DEBUG   HandlerThread:23333 [handler.py:handle_request():146] handle_request: status_report
2025-12-15 11:35:20,474 DEBUG   SenderThread:23333 [sender.py:send():380] send: stats
2025-12-15 11:35:21,475 DEBUG   HandlerThread:23333 [handler.py:handle_request():146] handle_request: status_report
2025-12-15 11:35:23,485 DEBUG   HandlerThread:23333 [handler.py:handle_request():146] handle_request: stop_status
2025-12-15 11:35:23,486 DEBUG   SenderThread:23333 [sender.py:send_request():407] send_request: stop_status
2025-12-15 11:35:23,526 DEBUG   HandlerThread:23333 [handler.py:handle_request():146] handle_request: internal_messages
2025-12-15 11:35:26,809 DEBUG   HandlerThread:23333 [handler.py:handle_request():146] handle_request: status_report
2025-12-15 11:35:31,810 DEBUG   HandlerThread:23333 [handler.py:handle_request():146] handle_request: status_report
2025-12-15 11:35:36,811 DEBUG   HandlerThread:23333 [handler.py:handle_request():146] handle_request: status_report
2025-12-15 11:35:38,486 DEBUG   HandlerThread:23333 [handler.py:handle_request():146] handle_request: stop_status
2025-12-15 11:35:38,487 DEBUG   SenderThread:23333 [sender.py:send_request():407] send_request: stop_status
2025-12-15 11:35:38,527 DEBUG   HandlerThread:23333 [handler.py:handle_request():146] handle_request: internal_messages
2025-12-15 11:35:42,779 DEBUG   HandlerThread:23333 [handler.py:handle_request():146] handle_request: status_report
2025-12-15 11:35:47,780 DEBUG   HandlerThread:23333 [handler.py:handle_request():146] handle_request: status_report
2025-12-15 11:35:50,477 DEBUG   SenderThread:23333 [sender.py:send():380] send: stats
2025-12-15 11:35:53,479 DEBUG   HandlerThread:23333 [handler.py:handle_request():146] handle_request: status_report
2025-12-15 11:35:53,486 DEBUG   HandlerThread:23333 [handler.py:handle_request():146] handle_request: stop_status
2025-12-15 11:35:53,486 DEBUG   SenderThread:23333 [sender.py:send_request():407] send_request: stop_status
2025-12-15 11:35:53,526 DEBUG   HandlerThread:23333 [handler.py:handle_request():146] handle_request: internal_messages
2025-12-15 11:35:58,841 DEBUG   HandlerThread:23333 [handler.py:handle_request():146] handle_request: status_report
2025-12-15 11:36:03,842 DEBUG   HandlerThread:23333 [handler.py:handle_request():146] handle_request: status_report
2025-12-15 11:36:08,486 DEBUG   HandlerThread:23333 [handler.py:handle_request():146] handle_request: stop_status
2025-12-15 11:36:08,487 DEBUG   SenderThread:23333 [sender.py:send_request():407] send_request: stop_status
2025-12-15 11:36:08,526 DEBUG   HandlerThread:23333 [handler.py:handle_request():146] handle_request: internal_messages
2025-12-15 11:36:09,841 DEBUG   HandlerThread:23333 [handler.py:handle_request():146] handle_request: status_report
2025-12-15 11:36:14,842 DEBUG   HandlerThread:23333 [handler.py:handle_request():146] handle_request: status_report
2025-12-15 11:36:19,843 DEBUG   HandlerThread:23333 [handler.py:handle_request():146] handle_request: status_report
2025-12-15 11:36:20,481 DEBUG   SenderThread:23333 [sender.py:send():380] send: stats
2025-12-15 11:36:23,486 DEBUG   HandlerThread:23333 [handler.py:handle_request():146] handle_request: stop_status
2025-12-15 11:36:23,487 DEBUG   SenderThread:23333 [sender.py:send_request():407] send_request: stop_status
2025-12-15 11:36:23,530 DEBUG   HandlerThread:23333 [handler.py:handle_request():146] handle_request: internal_messages
2025-12-15 11:36:25,769 DEBUG   HandlerThread:23333 [handler.py:handle_request():146] handle_request: status_report
2025-12-15 11:36:30,771 DEBUG   HandlerThread:23333 [handler.py:handle_request():146] handle_request: status_report
2025-12-15 11:36:35,772 DEBUG   HandlerThread:23333 [handler.py:handle_request():146] handle_request: status_report
2025-12-15 11:36:38,487 DEBUG   HandlerThread:23333 [handler.py:handle_request():146] handle_request: stop_status
2025-12-15 11:36:38,487 DEBUG   SenderThread:23333 [sender.py:send_request():407] send_request: stop_status
2025-12-15 11:36:38,531 DEBUG   HandlerThread:23333 [handler.py:handle_request():146] handle_request: internal_messages
2025-12-15 11:36:40,799 DEBUG   HandlerThread:23333 [handler.py:handle_request():146] handle_request: status_report
2025-12-15 11:36:45,800 DEBUG   HandlerThread:23333 [handler.py:handle_request():146] handle_request: status_report
2025-12-15 11:36:50,484 DEBUG   SenderThread:23333 [sender.py:send():380] send: stats
2025-12-15 11:36:51,486 DEBUG   HandlerThread:23333 [handler.py:handle_request():146] handle_request: status_report
2025-12-15 11:36:53,488 DEBUG   HandlerThread:23333 [handler.py:handle_request():146] handle_request: stop_status
2025-12-15 11:36:53,489 DEBUG   SenderThread:23333 [sender.py:send_request():407] send_request: stop_status
2025-12-15 11:36:53,531 DEBUG   HandlerThread:23333 [handler.py:handle_request():146] handle_request: internal_messages
2025-12-15 11:36:56,781 DEBUG   HandlerThread:23333 [handler.py:handle_request():146] handle_request: status_report
2025-12-15 11:37:01,782 DEBUG   HandlerThread:23333 [handler.py:handle_request():146] handle_request: status_report
2025-12-15 11:37:06,783 DEBUG   HandlerThread:23333 [handler.py:handle_request():146] handle_request: status_report
2025-12-15 11:37:08,489 DEBUG   HandlerThread:23333 [handler.py:handle_request():146] handle_request: stop_status
2025-12-15 11:37:08,490 DEBUG   SenderThread:23333 [sender.py:send_request():407] send_request: stop_status
2025-12-15 11:37:08,530 DEBUG   HandlerThread:23333 [handler.py:handle_request():146] handle_request: internal_messages
2025-12-15 11:37:11,831 DEBUG   HandlerThread:23333 [handler.py:handle_request():146] handle_request: status_report
2025-12-15 11:37:16,832 DEBUG   HandlerThread:23333 [handler.py:handle_request():146] handle_request: status_report
2025-12-15 11:37:20,486 DEBUG   SenderThread:23333 [sender.py:send():380] send: stats
2025-12-15 11:37:22,488 DEBUG   HandlerThread:23333 [handler.py:handle_request():146] handle_request: status_report
2025-12-15 11:37:23,488 DEBUG   HandlerThread:23333 [handler.py:handle_request():146] handle_request: stop_status
2025-12-15 11:37:23,489 DEBUG   SenderThread:23333 [sender.py:send_request():407] send_request: stop_status
2025-12-15 11:37:23,530 DEBUG   HandlerThread:23333 [handler.py:handle_request():146] handle_request: internal_messages
2025-12-15 11:37:27,928 DEBUG   HandlerThread:23333 [handler.py:handle_request():146] handle_request: status_report
2025-12-15 11:37:32,929 DEBUG   HandlerThread:23333 [handler.py:handle_request():146] handle_request: status_report
2025-12-15 11:37:37,931 DEBUG   HandlerThread:23333 [handler.py:handle_request():146] handle_request: status_report
2025-12-15 11:37:38,490 DEBUG   HandlerThread:23333 [handler.py:handle_request():146] handle_request: stop_status
2025-12-15 11:37:38,491 DEBUG   HandlerThread:23333 [handler.py:handle_request():146] handle_request: internal_messages
2025-12-15 11:37:38,491 DEBUG   SenderThread:23333 [sender.py:send_request():407] send_request: stop_status
2025-12-15 11:37:43,838 DEBUG   HandlerThread:23333 [handler.py:handle_request():146] handle_request: status_report
2025-12-15 11:37:48,839 DEBUG   HandlerThread:23333 [handler.py:handle_request():146] handle_request: status_report
2025-12-15 11:37:50,487 DEBUG   SenderThread:23333 [sender.py:send():380] send: stats
2025-12-15 11:37:53,488 DEBUG   HandlerThread:23333 [handler.py:handle_request():146] handle_request: stop_status
2025-12-15 11:37:53,489 DEBUG   SenderThread:23333 [sender.py:send_request():407] send_request: stop_status
2025-12-15 11:37:53,530 DEBUG   HandlerThread:23333 [handler.py:handle_request():146] handle_request: internal_messages
2025-12-15 11:37:54,801 DEBUG   HandlerThread:23333 [handler.py:handle_request():146] handle_request: status_report
2025-12-15 11:37:59,802 DEBUG   HandlerThread:23333 [handler.py:handle_request():146] handle_request: status_report
2025-12-15 11:38:04,803 DEBUG   HandlerThread:23333 [handler.py:handle_request():146] handle_request: status_report
2025-12-15 11:38:08,489 DEBUG   HandlerThread:23333 [handler.py:handle_request():146] handle_request: stop_status
2025-12-15 11:38:08,490 DEBUG   SenderThread:23333 [sender.py:send_request():407] send_request: stop_status
2025-12-15 11:38:08,530 DEBUG   HandlerThread:23333 [handler.py:handle_request():146] handle_request: internal_messages
2025-12-15 11:38:09,844 DEBUG   HandlerThread:23333 [handler.py:handle_request():146] handle_request: status_report
2025-12-15 11:38:14,845 DEBUG   HandlerThread:23333 [handler.py:handle_request():146] handle_request: status_report
2025-12-15 11:38:19,846 DEBUG   HandlerThread:23333 [handler.py:handle_request():146] handle_request: status_report
2025-12-15 11:38:20,490 DEBUG   SenderThread:23333 [sender.py:send():380] send: stats
2025-12-15 11:38:23,491 DEBUG   HandlerThread:23333 [handler.py:handle_request():146] handle_request: stop_status
2025-12-15 11:38:23,491 DEBUG   HandlerThread:23333 [handler.py:handle_request():146] handle_request: internal_messages
2025-12-15 11:38:23,492 DEBUG   SenderThread:23333 [sender.py:send_request():407] send_request: stop_status
2025-12-15 11:38:25,832 DEBUG   HandlerThread:23333 [handler.py:handle_request():146] handle_request: status_report
2025-12-15 11:38:30,833 DEBUG   HandlerThread:23333 [handler.py:handle_request():146] handle_request: status_report
2025-12-15 11:38:35,834 DEBUG   HandlerThread:23333 [handler.py:handle_request():146] handle_request: status_report
2025-12-15 11:38:38,491 DEBUG   HandlerThread:23333 [handler.py:handle_request():146] handle_request: stop_status
2025-12-15 11:38:38,491 DEBUG   HandlerThread:23333 [handler.py:handle_request():146] handle_request: internal_messages
2025-12-15 11:38:38,492 DEBUG   SenderThread:23333 [sender.py:send_request():407] send_request: stop_status
2025-12-15 11:38:41,831 DEBUG   HandlerThread:23333 [handler.py:handle_request():146] handle_request: status_report
2025-12-15 11:38:46,832 DEBUG   HandlerThread:23333 [handler.py:handle_request():146] handle_request: status_report
2025-12-15 11:38:50,493 DEBUG   SenderThread:23333 [sender.py:send():380] send: stats
2025-12-15 11:38:52,494 DEBUG   HandlerThread:23333 [handler.py:handle_request():146] handle_request: status_report
2025-12-15 11:38:53,490 DEBUG   HandlerThread:23333 [handler.py:handle_request():146] handle_request: stop_status
2025-12-15 11:38:53,491 DEBUG   SenderThread:23333 [sender.py:send_request():407] send_request: stop_status
2025-12-15 11:38:53,530 DEBUG   HandlerThread:23333 [handler.py:handle_request():146] handle_request: internal_messages
2025-12-15 11:38:57,926 DEBUG   HandlerThread:23333 [handler.py:handle_request():146] handle_request: status_report
2025-12-15 11:39:02,927 DEBUG   HandlerThread:23333 [handler.py:handle_request():146] handle_request: status_report
2025-12-15 11:39:07,928 DEBUG   HandlerThread:23333 [handler.py:handle_request():146] handle_request: status_report
2025-12-15 11:39:08,491 DEBUG   HandlerThread:23333 [handler.py:handle_request():146] handle_request: stop_status
2025-12-15 11:39:08,492 DEBUG   SenderThread:23333 [sender.py:send_request():407] send_request: stop_status
2025-12-15 11:39:08,534 DEBUG   HandlerThread:23333 [handler.py:handle_request():146] handle_request: internal_messages
2025-12-15 11:39:13,794 DEBUG   HandlerThread:23333 [handler.py:handle_request():146] handle_request: status_report
2025-12-15 11:39:18,795 DEBUG   HandlerThread:23333 [handler.py:handle_request():146] handle_request: status_report
2025-12-15 11:39:20,496 DEBUG   SenderThread:23333 [sender.py:send():380] send: stats
2025-12-15 11:39:23,496 DEBUG   HandlerThread:23333 [handler.py:handle_request():146] handle_request: stop_status
2025-12-15 11:39:23,496 DEBUG   HandlerThread:23333 [handler.py:handle_request():146] handle_request: internal_messages
2025-12-15 11:39:23,497 DEBUG   SenderThread:23333 [sender.py:send_request():407] send_request: stop_status
2025-12-15 11:39:23,821 DEBUG   HandlerThread:23333 [handler.py:handle_request():146] handle_request: status_report
2025-12-15 11:39:28,822 DEBUG   HandlerThread:23333 [handler.py:handle_request():146] handle_request: status_report
2025-12-15 11:39:33,824 DEBUG   HandlerThread:23333 [handler.py:handle_request():146] handle_request: status_report
2025-12-15 11:39:38,492 DEBUG   HandlerThread:23333 [handler.py:handle_request():146] handle_request: stop_status
2025-12-15 11:39:38,493 DEBUG   SenderThread:23333 [sender.py:send_request():407] send_request: stop_status
2025-12-15 11:39:38,534 DEBUG   HandlerThread:23333 [handler.py:handle_request():146] handle_request: internal_messages
2025-12-15 11:39:38,858 DEBUG   HandlerThread:23333 [handler.py:handle_request():146] handle_request: status_report
2025-12-15 11:39:43,859 DEBUG   HandlerThread:23333 [handler.py:handle_request():146] handle_request: status_report
2025-12-15 11:39:48,860 DEBUG   HandlerThread:23333 [handler.py:handle_request():146] handle_request: status_report
2025-12-15 11:39:50,511 DEBUG   SenderThread:23333 [sender.py:send():380] send: stats
2025-12-15 11:39:53,492 DEBUG   HandlerThread:23333 [handler.py:handle_request():146] handle_request: stop_status
2025-12-15 11:39:53,493 DEBUG   SenderThread:23333 [sender.py:send_request():407] send_request: stop_status
2025-12-15 11:39:53,534 DEBUG   HandlerThread:23333 [handler.py:handle_request():146] handle_request: internal_messages
2025-12-15 11:39:54,799 DEBUG   HandlerThread:23333 [handler.py:handle_request():146] handle_request: status_report
2025-12-15 11:39:59,800 DEBUG   HandlerThread:23333 [handler.py:handle_request():146] handle_request: status_report
2025-12-15 11:40:04,801 DEBUG   HandlerThread:23333 [handler.py:handle_request():146] handle_request: status_report
2025-12-15 11:40:08,492 DEBUG   HandlerThread:23333 [handler.py:handle_request():146] handle_request: stop_status
2025-12-15 11:40:08,493 DEBUG   SenderThread:23333 [sender.py:send_request():407] send_request: stop_status
2025-12-15 11:40:08,534 DEBUG   HandlerThread:23333 [handler.py:handle_request():146] handle_request: internal_messages
2025-12-15 11:40:09,810 DEBUG   HandlerThread:23333 [handler.py:handle_request():146] handle_request: status_report
2025-12-15 11:40:14,812 DEBUG   HandlerThread:23333 [handler.py:handle_request():146] handle_request: status_report
2025-12-15 11:40:19,813 DEBUG   HandlerThread:23333 [handler.py:handle_request():146] handle_request: status_report
2025-12-15 11:40:20,500 DEBUG   SenderThread:23333 [sender.py:send():380] send: stats
2025-12-15 11:40:23,493 DEBUG   HandlerThread:23333 [handler.py:handle_request():146] handle_request: stop_status
2025-12-15 11:40:23,493 DEBUG   SenderThread:23333 [sender.py:send_request():407] send_request: stop_status
2025-12-15 11:40:23,534 DEBUG   HandlerThread:23333 [handler.py:handle_request():146] handle_request: internal_messages
2025-12-15 11:40:24,838 DEBUG   HandlerThread:23333 [handler.py:handle_request():146] handle_request: status_report
2025-12-15 11:40:29,840 DEBUG   HandlerThread:23333 [handler.py:handle_request():146] handle_request: status_report
2025-12-15 11:40:34,841 DEBUG   HandlerThread:23333 [handler.py:handle_request():146] handle_request: status_report
2025-12-15 11:40:38,493 DEBUG   HandlerThread:23333 [handler.py:handle_request():146] handle_request: stop_status
2025-12-15 11:40:38,494 DEBUG   SenderThread:23333 [sender.py:send_request():407] send_request: stop_status
2025-12-15 11:40:38,534 DEBUG   HandlerThread:23333 [handler.py:handle_request():146] handle_request: internal_messages
2025-12-15 11:40:40,822 DEBUG   HandlerThread:23333 [handler.py:handle_request():146] handle_request: status_report
2025-12-15 11:40:45,824 DEBUG   HandlerThread:23333 [handler.py:handle_request():146] handle_request: status_report
2025-12-15 11:40:50,505 DEBUG   SenderThread:23333 [sender.py:send():380] send: stats
2025-12-15 11:40:51,507 DEBUG   HandlerThread:23333 [handler.py:handle_request():146] handle_request: status_report
2025-12-15 11:40:53,493 DEBUG   HandlerThread:23333 [handler.py:handle_request():146] handle_request: stop_status
2025-12-15 11:40:53,494 DEBUG   SenderThread:23333 [sender.py:send_request():407] send_request: stop_status
2025-12-15 11:40:53,534 DEBUG   HandlerThread:23333 [handler.py:handle_request():146] handle_request: internal_messages
2025-12-15 11:40:58,496 DEBUG   HandlerThread:23333 [handler.py:handle_request():146] handle_request: keepalive
2025-12-15 11:41:03,498 DEBUG   HandlerThread:23333 [handler.py:handle_request():146] handle_request: keepalive
2025-12-15 11:41:08,497 DEBUG   HandlerThread:23333 [handler.py:handle_request():146] handle_request: internal_messages
2025-12-15 11:41:13,500 DEBUG   HandlerThread:23333 [handler.py:handle_request():146] handle_request: keepalive
2025-12-15 11:41:18,502 DEBUG   HandlerThread:23333 [handler.py:handle_request():146] handle_request: keepalive
2025-12-15 11:41:23,495 DEBUG   HandlerThread:23333 [handler.py:handle_request():146] handle_request: internal_messages
2025-12-15 11:41:28,504 DEBUG   HandlerThread:23333 [handler.py:handle_request():146] handle_request: keepalive
2025-12-15 11:41:33,506 DEBUG   HandlerThread:23333 [handler.py:handle_request():146] handle_request: keepalive
2025-12-15 11:41:38,496 DEBUG   HandlerThread:23333 [handler.py:handle_request():146] handle_request: internal_messages
2025-12-15 11:41:43,508 DEBUG   HandlerThread:23333 [handler.py:handle_request():146] handle_request: keepalive
2025-12-15 11:41:48,509 DEBUG   HandlerThread:23333 [handler.py:handle_request():146] handle_request: keepalive
2025-12-15 11:41:50,709 WARNING FileStreamThread:23333 [file_stream.py:request_with_retry():668] requests_with_retry encountered retryable exception: 408 Client Error: Request Timeout for url: https://api.wandb.ai/files/1078524540cjh-xiamen-university/AAAI2025-LReID-DASK/tfia7qpc/file_stream. func: functools.partial(<bound method Session.post of <requests.sessions.Session object at 0x7f22b85c7820>>, timeout=180), args: ('https://api.wandb.ai/files/1078524540cjh-xiamen-university/AAAI2025-LReID-DASK/tfia7qpc/file_stream',), kwargs: {'json': {'files': {'wandb-events.jsonl': {'offset': 31, 'content': ['{"system.proc.memory.availableMB": 90381.47, "system.memory": 29.8, "system.proc.memory.rssMB": 6189.39, "system.proc.memory.percent": 4.8, "system.cpu": 3.13, "system.cpu.0.cpu_percent": 26.31, "system.cpu.1.cpu_percent": 6.47, "system.cpu.2.cpu_percent": 5.53, "system.cpu.3.cpu_percent": 2.13, "system.cpu.4.cpu_percent": 6.14, "system.cpu.5.cpu_percent": 28.11, "system.cpu.6.cpu_percent": 5.55, "system.cpu.7.cpu_percent": 5.06, "system.cpu.8.cpu_percent": 21.9, "system.cpu.9.cpu_percent": 3.36, "system.cpu.10.cpu_percent": 5.83, "system.cpu.11.cpu_percent": 4.47, "system.cpu.12.cpu_percent": 3.1, "system.cpu.13.cpu_percent": 2.36, "system.cpu.14.cpu_percent": 4.07, "system.cpu.15.cpu_percent": 2.33, "system.cpu.16.cpu_percent": 8.03, "system.cpu.17.cpu_percent": 18.73, "system.cpu.18.cpu_percent": 10.68, "system.cpu.19.cpu_percent": 62.63, "system.cpu.20.cpu_percent": 3.13, "system.cpu.21.cpu_percent": 28.76, "system.cpu.22.cpu_percent": 9.64, "system.cpu.23.cpu_percent": 2.5, "system.cpu.24.cpu_percent": 2.23, "system.cpu.25.cpu_percent": 2.03, "system.cpu.26.cpu_percent": 2.7, "system.cpu.27.cpu_percent": 3.26, "system.cpu.28.cpu_percent": 3.39, "system.cpu.29.cpu_percent": 3.4, "system.cpu.30.cpu_percent": 4.17, "system.cpu.31.cpu_percent": 10.49, "system.proc.cpu.threads": 41, "system.disk.\\\\.usagePercent": 92.4, "system.disk.\\\\.usageGB": 24.56, "system.disk.in": 253.8, "system.disk.out": 518.71, "system.network.sent": 5226485.6, "system.network.recv": 7059198.8, "_wandb": true, "_timestamp": 1765770020.498013, "_runtime": 1075.069537}']}}, 'dropped': 0}}
2025-12-15 11:41:53,496 DEBUG   HandlerThread:23333 [handler.py:handle_request():146] handle_request: internal_messages
2025-12-15 11:41:57,084 INFO    SenderThread:23333 [retry.py:__call__():172] Retry attempt failed:
Traceback (most recent call last):
  File "/DATA2025/cjh/envs/IRL/lib/python3.8/site-packages/urllib3/connection.py", line 199, in _new_conn
    sock = connection.create_connection(
  File "/DATA2025/cjh/envs/IRL/lib/python3.8/site-packages/urllib3/util/connection.py", line 85, in create_connection
    raise err
  File "/DATA2025/cjh/envs/IRL/lib/python3.8/site-packages/urllib3/util/connection.py", line 73, in create_connection
    sock.connect(sa)
socket.timeout: timed out

The above exception was the direct cause of the following exception:

Traceback (most recent call last):
  File "/DATA2025/cjh/envs/IRL/lib/python3.8/site-packages/urllib3/connectionpool.py", line 789, in urlopen
    response = self._make_request(
  File "/DATA2025/cjh/envs/IRL/lib/python3.8/site-packages/urllib3/connectionpool.py", line 490, in _make_request
    raise new_e
  File "/DATA2025/cjh/envs/IRL/lib/python3.8/site-packages/urllib3/connectionpool.py", line 466, in _make_request
    self._validate_conn(conn)
  File "/DATA2025/cjh/envs/IRL/lib/python3.8/site-packages/urllib3/connectionpool.py", line 1095, in _validate_conn
    conn.connect()
  File "/DATA2025/cjh/envs/IRL/lib/python3.8/site-packages/urllib3/connection.py", line 693, in connect
    self.sock = sock = self._new_conn()
  File "/DATA2025/cjh/envs/IRL/lib/python3.8/site-packages/urllib3/connection.py", line 208, in _new_conn
    raise ConnectTimeoutError(
urllib3.exceptions.ConnectTimeoutError: (<urllib3.connection.HTTPSConnection object at 0x7f22b84997f0>, 'Connection to api.wandb.ai timed out. (connect timeout=20)')

The above exception was the direct cause of the following exception:

Traceback (most recent call last):
  File "/DATA2025/cjh/envs/IRL/lib/python3.8/site-packages/requests/adapters.py", line 667, in send
    resp = conn.urlopen(
  File "/DATA2025/cjh/envs/IRL/lib/python3.8/site-packages/urllib3/connectionpool.py", line 843, in urlopen
    retries = retries.increment(
  File "/DATA2025/cjh/envs/IRL/lib/python3.8/site-packages/urllib3/util/retry.py", line 519, in increment
    raise MaxRetryError(_pool, url, reason) from reason  # type: ignore[arg-type]
urllib3.exceptions.MaxRetryError: HTTPSConnectionPool(host='api.wandb.ai', port=443): Max retries exceeded with url: /graphql (Caused by ConnectTimeoutError(<urllib3.connection.HTTPSConnection object at 0x7f22b84997f0>, 'Connection to api.wandb.ai timed out. (connect timeout=20)'))

During handling of the above exception, another exception occurred:

Traceback (most recent call last):
  File "/DATA2025/cjh/envs/IRL/lib/python3.8/site-packages/wandb/sdk/lib/retry.py", line 131, in __call__
    result = self._call_fn(*args, **kwargs)
  File "/DATA2025/cjh/envs/IRL/lib/python3.8/site-packages/wandb/sdk/internal/internal_api.py", line 366, in execute
    return self.client.execute(*args, **kwargs)  # type: ignore
  File "/DATA2025/cjh/envs/IRL/lib/python3.8/site-packages/wandb/vendor/gql-0.2.0/wandb_gql/client.py", line 52, in execute
    result = self._get_result(document, *args, **kwargs)
  File "/DATA2025/cjh/envs/IRL/lib/python3.8/site-packages/wandb/vendor/gql-0.2.0/wandb_gql/client.py", line 60, in _get_result
    return self.transport.execute(document, *args, **kwargs)
  File "/DATA2025/cjh/envs/IRL/lib/python3.8/site-packages/wandb/sdk/lib/gql_request.py", line 58, in execute
    request = self.session.post(self.url, **post_args)
  File "/DATA2025/cjh/envs/IRL/lib/python3.8/site-packages/requests/sessions.py", line 637, in post
    return self.request("POST", url, data=data, json=json, **kwargs)
  File "/DATA2025/cjh/envs/IRL/lib/python3.8/site-packages/requests/sessions.py", line 589, in request
    resp = self.send(prep, **send_kwargs)
  File "/DATA2025/cjh/envs/IRL/lib/python3.8/site-packages/requests/sessions.py", line 703, in send
    r = adapter.send(request, **kwargs)
  File "/DATA2025/cjh/envs/IRL/lib/python3.8/site-packages/requests/adapters.py", line 688, in send
    raise ConnectTimeout(e, request=request)
requests.exceptions.ConnectTimeout: HTTPSConnectionPool(host='api.wandb.ai', port=443): Max retries exceeded with url: /graphql (Caused by ConnectTimeoutError(<urllib3.connection.HTTPSConnection object at 0x7f22b84997f0>, 'Connection to api.wandb.ai timed out. (connect timeout=20)'))
2025-12-15 11:41:58,511 DEBUG   HandlerThread:23333 [handler.py:handle_request():146] handle_request: keepalive
2025-12-15 11:42:03,513 DEBUG   HandlerThread:23333 [handler.py:handle_request():146] handle_request: keepalive
2025-12-15 11:42:08,496 DEBUG   HandlerThread:23333 [handler.py:handle_request():146] handle_request: internal_messages
2025-12-15 11:42:13,515 DEBUG   HandlerThread:23333 [handler.py:handle_request():146] handle_request: keepalive
2025-12-15 11:42:18,516 DEBUG   HandlerThread:23333 [handler.py:handle_request():146] handle_request: keepalive
2025-12-15 11:42:23,496 DEBUG   HandlerThread:23333 [handler.py:handle_request():146] handle_request: internal_messages
2025-12-15 11:42:28,518 DEBUG   HandlerThread:23333 [handler.py:handle_request():146] handle_request: keepalive
2025-12-15 11:42:33,520 DEBUG   HandlerThread:23333 [handler.py:handle_request():146] handle_request: keepalive
2025-12-15 11:42:38,497 DEBUG   HandlerThread:23333 [handler.py:handle_request():146] handle_request: internal_messages
2025-12-15 11:42:43,521 DEBUG   HandlerThread:23333 [handler.py:handle_request():146] handle_request: keepalive
2025-12-15 11:42:48,522 DEBUG   HandlerThread:23333 [handler.py:handle_request():146] handle_request: keepalive
2025-12-15 11:42:53,497 DEBUG   HandlerThread:23333 [handler.py:handle_request():146] handle_request: internal_messages
2025-12-15 11:42:58,524 DEBUG   HandlerThread:23333 [handler.py:handle_request():146] handle_request: keepalive
2025-12-15 11:43:03,526 DEBUG   HandlerThread:23333 [handler.py:handle_request():146] handle_request: keepalive
2025-12-15 11:43:08,498 DEBUG   HandlerThread:23333 [handler.py:handle_request():146] handle_request: internal_messages
2025-12-15 11:43:13,528 DEBUG   HandlerThread:23333 [handler.py:handle_request():146] handle_request: keepalive
2025-12-15 11:43:18,529 DEBUG   HandlerThread:23333 [handler.py:handle_request():146] handle_request: keepalive
2025-12-15 11:43:23,498 DEBUG   HandlerThread:23333 [handler.py:handle_request():146] handle_request: internal_messages
2025-12-15 11:43:28,531 DEBUG   HandlerThread:23333 [handler.py:handle_request():146] handle_request: keepalive
2025-12-15 11:43:33,532 DEBUG   HandlerThread:23333 [handler.py:handle_request():146] handle_request: keepalive
2025-12-15 11:43:38,498 DEBUG   HandlerThread:23333 [handler.py:handle_request():146] handle_request: internal_messages
2025-12-15 11:43:43,534 DEBUG   HandlerThread:23333 [handler.py:handle_request():146] handle_request: keepalive
2025-12-15 11:43:48,536 DEBUG   HandlerThread:23333 [handler.py:handle_request():146] handle_request: keepalive
2025-12-15 11:43:53,499 DEBUG   HandlerThread:23333 [handler.py:handle_request():146] handle_request: internal_messages
2025-12-15 11:43:58,538 DEBUG   HandlerThread:23333 [handler.py:handle_request():146] handle_request: keepalive
2025-12-15 11:44:03,007 WARNING FileStreamThread:23333 [file_stream.py:request_with_retry():668] requests_with_retry encountered retryable exception: HTTPSConnectionPool(host='api.wandb.ai', port=443): Max retries exceeded with url: /files/1078524540cjh-xiamen-university/AAAI2025-LReID-DASK/tfia7qpc/file_stream (Caused by NewConnectionError('<urllib3.connection.HTTPSConnection object at 0x7f22b84700d0>: Failed to establish a new connection: [Errno 110] Connection timed out')). func: functools.partial(<bound method Session.post of <requests.sessions.Session object at 0x7f22b85c7820>>, timeout=180), args: ('https://api.wandb.ai/files/1078524540cjh-xiamen-university/AAAI2025-LReID-DASK/tfia7qpc/file_stream',), kwargs: {'json': {'files': {'wandb-events.jsonl': {'offset': 31, 'content': ['{"system.proc.memory.availableMB": 90381.47, "system.memory": 29.8, "system.proc.memory.rssMB": 6189.39, "system.proc.memory.percent": 4.8, "system.cpu": 3.13, "system.cpu.0.cpu_percent": 26.31, "system.cpu.1.cpu_percent": 6.47, "system.cpu.2.cpu_percent": 5.53, "system.cpu.3.cpu_percent": 2.13, "system.cpu.4.cpu_percent": 6.14, "system.cpu.5.cpu_percent": 28.11, "system.cpu.6.cpu_percent": 5.55, "system.cpu.7.cpu_percent": 5.06, "system.cpu.8.cpu_percent": 21.9, "system.cpu.9.cpu_percent": 3.36, "system.cpu.10.cpu_percent": 5.83, "system.cpu.11.cpu_percent": 4.47, "system.cpu.12.cpu_percent": 3.1, "system.cpu.13.cpu_percent": 2.36, "system.cpu.14.cpu_percent": 4.07, "system.cpu.15.cpu_percent": 2.33, "system.cpu.16.cpu_percent": 8.03, "system.cpu.17.cpu_percent": 18.73, "system.cpu.18.cpu_percent": 10.68, "system.cpu.19.cpu_percent": 62.63, "system.cpu.20.cpu_percent": 3.13, "system.cpu.21.cpu_percent": 28.76, "system.cpu.22.cpu_percent": 9.64, "system.cpu.23.cpu_percent": 2.5, "system.cpu.24.cpu_percent": 2.23, "system.cpu.25.cpu_percent": 2.03, "system.cpu.26.cpu_percent": 2.7, "system.cpu.27.cpu_percent": 3.26, "system.cpu.28.cpu_percent": 3.39, "system.cpu.29.cpu_percent": 3.4, "system.cpu.30.cpu_percent": 4.17, "system.cpu.31.cpu_percent": 10.49, "system.proc.cpu.threads": 41, "system.disk.\\\\.usagePercent": 92.4, "system.disk.\\\\.usageGB": 24.56, "system.disk.in": 253.8, "system.disk.out": 518.71, "system.network.sent": 5226485.6, "system.network.recv": 7059198.8, "_wandb": true, "_timestamp": 1765770020.498013, "_runtime": 1075.069537}']}}, 'dropped': 0}}
2025-12-15 11:44:03,540 DEBUG   HandlerThread:23333 [handler.py:handle_request():146] handle_request: keepalive
2025-12-15 11:44:04,833 DEBUG   SenderThread:23333 [sender.py:send():380] send: stats
2025-12-15 11:44:04,833 DEBUG   HandlerThread:23333 [handler.py:handle_request():146] handle_request: status_report
2025-12-15 11:44:04,835 DEBUG   SenderThread:23333 [sender.py:send():380] send: stats
2025-12-15 11:44:04,837 DEBUG   SenderThread:23333 [sender.py:send():380] send: stats
2025-12-15 11:44:04,837 DEBUG   SenderThread:23333 [sender.py:send():380] send: stats
2025-12-15 11:44:04,838 DEBUG   SenderThread:23333 [sender.py:send():380] send: stats
2025-12-15 11:44:04,839 DEBUG   SenderThread:23333 [sender.py:send():380] send: stats
2025-12-15 11:44:08,499 DEBUG   HandlerThread:23333 [handler.py:handle_request():146] handle_request: internal_messages
2025-12-15 11:44:09,841 DEBUG   HandlerThread:23333 [handler.py:handle_request():146] handle_request: status_report
2025-12-15 11:44:13,542 DEBUG   HandlerThread:23333 [handler.py:handle_request():146] handle_request: keepalive
2025-12-15 11:44:14,842 DEBUG   HandlerThread:23333 [handler.py:handle_request():146] handle_request: status_report
2025-12-15 11:44:18,543 DEBUG   HandlerThread:23333 [handler.py:handle_request():146] handle_request: keepalive
2025-12-15 11:44:19,843 DEBUG   HandlerThread:23333 [handler.py:handle_request():146] handle_request: status_report
2025-12-15 11:44:20,523 DEBUG   SenderThread:23333 [sender.py:send():380] send: stats
2025-12-15 11:44:23,499 DEBUG   HandlerThread:23333 [handler.py:handle_request():146] handle_request: internal_messages
2025-12-15 11:44:25,526 DEBUG   HandlerThread:23333 [handler.py:handle_request():146] handle_request: status_report
2025-12-15 11:44:28,545 DEBUG   HandlerThread:23333 [handler.py:handle_request():146] handle_request: keepalive
2025-12-15 11:44:30,527 DEBUG   HandlerThread:23333 [handler.py:handle_request():146] handle_request: status_report
2025-12-15 11:44:33,546 DEBUG   HandlerThread:23333 [handler.py:handle_request():146] handle_request: keepalive
2025-12-15 11:44:35,528 DEBUG   HandlerThread:23333 [handler.py:handle_request():146] handle_request: status_report
2025-12-15 11:44:38,499 DEBUG   HandlerThread:23333 [handler.py:handle_request():146] handle_request: internal_messages
2025-12-15 11:44:40,529 DEBUG   HandlerThread:23333 [handler.py:handle_request():146] handle_request: status_report
2025-12-15 11:44:43,549 DEBUG   HandlerThread:23333 [handler.py:handle_request():146] handle_request: keepalive
2025-12-15 11:44:45,530 DEBUG   HandlerThread:23333 [handler.py:handle_request():146] handle_request: status_report
2025-12-15 11:44:48,550 DEBUG   HandlerThread:23333 [handler.py:handle_request():146] handle_request: keepalive
2025-12-15 11:44:50,524 DEBUG   SenderThread:23333 [sender.py:send():380] send: stats
2025-12-15 11:44:51,526 DEBUG   HandlerThread:23333 [handler.py:handle_request():146] handle_request: status_report
2025-12-15 11:44:53,499 DEBUG   HandlerThread:23333 [handler.py:handle_request():146] handle_request: internal_messages
2025-12-15 11:44:56,527 DEBUG   HandlerThread:23333 [handler.py:handle_request():146] handle_request: status_report
2025-12-15 11:44:58,552 DEBUG   HandlerThread:23333 [handler.py:handle_request():146] handle_request: keepalive
2025-12-15 11:45:01,528 DEBUG   HandlerThread:23333 [handler.py:handle_request():146] handle_request: status_report
2025-12-15 11:45:03,554 DEBUG   HandlerThread:23333 [handler.py:handle_request():146] handle_request: keepalive
2025-12-15 11:45:06,529 DEBUG   HandlerThread:23333 [handler.py:handle_request():146] handle_request: status_report
2025-12-15 11:45:08,500 DEBUG   HandlerThread:23333 [handler.py:handle_request():146] handle_request: internal_messages
2025-12-15 11:45:11,530 DEBUG   HandlerThread:23333 [handler.py:handle_request():146] handle_request: status_report
2025-12-15 11:45:13,556 DEBUG   HandlerThread:23333 [handler.py:handle_request():146] handle_request: keepalive
2025-12-15 11:45:16,530 DEBUG   HandlerThread:23333 [handler.py:handle_request():146] handle_request: status_report
2025-12-15 11:45:18,557 DEBUG   HandlerThread:23333 [handler.py:handle_request():146] handle_request: keepalive
2025-12-15 11:45:20,543 DEBUG   SenderThread:23333 [sender.py:send():380] send: stats
2025-12-15 11:45:21,545 DEBUG   HandlerThread:23333 [handler.py:handle_request():146] handle_request: status_report
2025-12-15 11:45:23,500 DEBUG   HandlerThread:23333 [handler.py:handle_request():146] handle_request: internal_messages
2025-12-15 11:45:26,546 DEBUG   HandlerThread:23333 [handler.py:handle_request():146] handle_request: status_report
2025-12-15 11:45:28,559 DEBUG   HandlerThread:23333 [handler.py:handle_request():146] handle_request: keepalive
2025-12-15 11:45:31,547 DEBUG   HandlerThread:23333 [handler.py:handle_request():146] handle_request: status_report
2025-12-15 11:45:33,561 DEBUG   HandlerThread:23333 [handler.py:handle_request():146] handle_request: keepalive
2025-12-15 11:45:36,547 DEBUG   HandlerThread:23333 [handler.py:handle_request():146] handle_request: status_report
2025-12-15 11:45:38,500 DEBUG   HandlerThread:23333 [handler.py:handle_request():146] handle_request: internal_messages
2025-12-15 11:45:41,548 DEBUG   HandlerThread:23333 [handler.py:handle_request():146] handle_request: status_report
2025-12-15 11:45:43,563 DEBUG   HandlerThread:23333 [handler.py:handle_request():146] handle_request: keepalive
2025-12-15 11:45:46,549 DEBUG   HandlerThread:23333 [handler.py:handle_request():146] handle_request: status_report
2025-12-15 11:45:48,564 DEBUG   HandlerThread:23333 [handler.py:handle_request():146] handle_request: keepalive
2025-12-15 11:45:50,531 DEBUG   SenderThread:23333 [sender.py:send():380] send: stats
2025-12-15 11:45:52,533 DEBUG   HandlerThread:23333 [handler.py:handle_request():146] handle_request: status_report
2025-12-15 11:45:53,501 DEBUG   HandlerThread:23333 [handler.py:handle_request():146] handle_request: internal_messages
2025-12-15 11:45:57,534 DEBUG   HandlerThread:23333 [handler.py:handle_request():146] handle_request: status_report
2025-12-15 11:45:58,566 DEBUG   HandlerThread:23333 [handler.py:handle_request():146] handle_request: keepalive
2025-12-15 11:46:02,535 DEBUG   HandlerThread:23333 [handler.py:handle_request():146] handle_request: status_report
2025-12-15 11:46:03,568 DEBUG   HandlerThread:23333 [handler.py:handle_request():146] handle_request: keepalive
2025-12-15 11:46:07,536 DEBUG   HandlerThread:23333 [handler.py:handle_request():146] handle_request: status_report
2025-12-15 11:46:08,501 DEBUG   HandlerThread:23333 [handler.py:handle_request():146] handle_request: internal_messages
2025-12-15 11:46:12,537 DEBUG   HandlerThread:23333 [handler.py:handle_request():146] handle_request: status_report
2025-12-15 11:46:13,570 DEBUG   HandlerThread:23333 [handler.py:handle_request():146] handle_request: keepalive
2025-12-15 11:46:17,538 DEBUG   HandlerThread:23333 [handler.py:handle_request():146] handle_request: status_report
2025-12-15 11:46:18,572 DEBUG   HandlerThread:23333 [handler.py:handle_request():146] handle_request: keepalive
2025-12-15 11:46:20,532 DEBUG   SenderThread:23333 [sender.py:send():380] send: stats
2025-12-15 11:46:23,501 DEBUG   HandlerThread:23333 [handler.py:handle_request():146] handle_request: internal_messages
2025-12-15 11:46:23,534 DEBUG   HandlerThread:23333 [handler.py:handle_request():146] handle_request: status_report
2025-12-15 11:46:28,535 DEBUG   HandlerThread:23333 [handler.py:handle_request():146] handle_request: status_report
2025-12-15 11:46:28,574 DEBUG   HandlerThread:23333 [handler.py:handle_request():146] handle_request: keepalive
2025-12-15 11:46:33,536 DEBUG   HandlerThread:23333 [handler.py:handle_request():146] handle_request: status_report
2025-12-15 11:46:33,575 DEBUG   HandlerThread:23333 [handler.py:handle_request():146] handle_request: keepalive
2025-12-15 11:46:38,501 DEBUG   HandlerThread:23333 [handler.py:handle_request():146] handle_request: internal_messages
2025-12-15 11:46:38,537 DEBUG   HandlerThread:23333 [handler.py:handle_request():146] handle_request: status_report
2025-12-15 11:46:43,538 DEBUG   HandlerThread:23333 [handler.py:handle_request():146] handle_request: status_report
2025-12-15 11:46:43,578 DEBUG   HandlerThread:23333 [handler.py:handle_request():146] handle_request: keepalive
2025-12-15 11:46:48,540 DEBUG   HandlerThread:23333 [handler.py:handle_request():146] handle_request: status_report
2025-12-15 11:46:48,579 DEBUG   HandlerThread:23333 [handler.py:handle_request():146] handle_request: keepalive
2025-12-15 11:46:50,534 DEBUG   SenderThread:23333 [sender.py:send():380] send: stats
2025-12-15 11:46:53,502 DEBUG   HandlerThread:23333 [handler.py:handle_request():146] handle_request: internal_messages
2025-12-15 11:46:54,536 DEBUG   HandlerThread:23333 [handler.py:handle_request():146] handle_request: status_report
2025-12-15 11:46:58,582 DEBUG   HandlerThread:23333 [handler.py:handle_request():146] handle_request: keepalive
2025-12-15 11:46:59,537 DEBUG   HandlerThread:23333 [handler.py:handle_request():146] handle_request: status_report
2025-12-15 11:47:03,583 DEBUG   HandlerThread:23333 [handler.py:handle_request():146] handle_request: keepalive
2025-12-15 11:47:04,538 DEBUG   HandlerThread:23333 [handler.py:handle_request():146] handle_request: status_report
2025-12-15 11:47:08,502 DEBUG   HandlerThread:23333 [handler.py:handle_request():146] handle_request: internal_messages
2025-12-15 11:47:09,539 DEBUG   HandlerThread:23333 [handler.py:handle_request():146] handle_request: status_report
2025-12-15 11:47:13,586 DEBUG   HandlerThread:23333 [handler.py:handle_request():146] handle_request: keepalive
2025-12-15 11:47:14,540 DEBUG   HandlerThread:23333 [handler.py:handle_request():146] handle_request: status_report
2025-12-15 11:47:18,587 DEBUG   HandlerThread:23333 [handler.py:handle_request():146] handle_request: keepalive
2025-12-15 11:47:19,541 DEBUG   HandlerThread:23333 [handler.py:handle_request():146] handle_request: status_report
2025-12-15 11:47:20,537 DEBUG   SenderThread:23333 [sender.py:send():380] send: stats
2025-12-15 11:47:23,502 DEBUG   HandlerThread:23333 [handler.py:handle_request():146] handle_request: internal_messages
2025-12-15 11:47:25,539 DEBUG   HandlerThread:23333 [handler.py:handle_request():146] handle_request: status_report
2025-12-15 11:47:28,589 DEBUG   HandlerThread:23333 [handler.py:handle_request():146] handle_request: keepalive
2025-12-15 11:47:30,540 DEBUG   HandlerThread:23333 [handler.py:handle_request():146] handle_request: status_report
2025-12-15 11:47:33,591 DEBUG   HandlerThread:23333 [handler.py:handle_request():146] handle_request: keepalive
2025-12-15 11:47:35,541 DEBUG   HandlerThread:23333 [handler.py:handle_request():146] handle_request: status_report
2025-12-15 11:47:38,502 DEBUG   HandlerThread:23333 [handler.py:handle_request():146] handle_request: internal_messages
2025-12-15 11:47:40,542 DEBUG   HandlerThread:23333 [handler.py:handle_request():146] handle_request: status_report
2025-12-15 11:47:43,593 DEBUG   HandlerThread:23333 [handler.py:handle_request():146] handle_request: keepalive
2025-12-15 11:47:45,543 DEBUG   HandlerThread:23333 [handler.py:handle_request():146] handle_request: status_report
2025-12-15 11:47:48,594 DEBUG   HandlerThread:23333 [handler.py:handle_request():146] handle_request: keepalive
2025-12-15 11:47:50,540 DEBUG   SenderThread:23333 [sender.py:send():380] send: stats
2025-12-15 11:47:51,541 DEBUG   HandlerThread:23333 [handler.py:handle_request():146] handle_request: status_report
2025-12-15 11:47:53,502 DEBUG   HandlerThread:23333 [handler.py:handle_request():146] handle_request: internal_messages
2025-12-15 11:47:56,542 DEBUG   HandlerThread:23333 [handler.py:handle_request():146] handle_request: status_report
2025-12-15 11:47:58,596 DEBUG   HandlerThread:23333 [handler.py:handle_request():146] handle_request: keepalive
2025-12-15 11:48:01,543 DEBUG   HandlerThread:23333 [handler.py:handle_request():146] handle_request: status_report
2025-12-15 11:48:03,598 DEBUG   HandlerThread:23333 [handler.py:handle_request():146] handle_request: keepalive
2025-12-15 11:48:06,544 DEBUG   HandlerThread:23333 [handler.py:handle_request():146] handle_request: status_report
2025-12-15 11:48:08,502 DEBUG   HandlerThread:23333 [handler.py:handle_request():146] handle_request: internal_messages
2025-12-15 11:48:11,545 DEBUG   HandlerThread:23333 [handler.py:handle_request():146] handle_request: status_report
2025-12-15 11:48:13,600 DEBUG   HandlerThread:23333 [handler.py:handle_request():146] handle_request: keepalive
2025-12-15 11:48:16,546 DEBUG   HandlerThread:23333 [handler.py:handle_request():146] handle_request: status_report
2025-12-15 11:48:18,601 DEBUG   HandlerThread:23333 [handler.py:handle_request():146] handle_request: keepalive
2025-12-15 11:48:20,542 DEBUG   SenderThread:23333 [sender.py:send():380] send: stats
2025-12-15 11:48:22,544 DEBUG   HandlerThread:23333 [handler.py:handle_request():146] handle_request: status_report
2025-12-15 11:48:23,503 DEBUG   HandlerThread:23333 [handler.py:handle_request():146] handle_request: internal_messages
2025-12-15 11:48:27,545 DEBUG   HandlerThread:23333 [handler.py:handle_request():146] handle_request: status_report
2025-12-15 11:48:28,604 DEBUG   HandlerThread:23333 [handler.py:handle_request():146] handle_request: keepalive
2025-12-15 11:48:32,547 DEBUG   HandlerThread:23333 [handler.py:handle_request():146] handle_request: status_report
2025-12-15 11:48:33,605 DEBUG   HandlerThread:23333 [handler.py:handle_request():146] handle_request: keepalive
2025-12-15 11:48:37,548 DEBUG   HandlerThread:23333 [handler.py:handle_request():146] handle_request: status_report
2025-12-15 11:48:38,503 DEBUG   HandlerThread:23333 [handler.py:handle_request():146] handle_request: internal_messages
2025-12-15 11:48:42,549 DEBUG   HandlerThread:23333 [handler.py:handle_request():146] handle_request: status_report
2025-12-15 11:48:43,607 DEBUG   HandlerThread:23333 [handler.py:handle_request():146] handle_request: keepalive
2025-12-15 11:48:47,550 DEBUG   HandlerThread:23333 [handler.py:handle_request():146] handle_request: status_report
2025-12-15 11:48:48,608 DEBUG   HandlerThread:23333 [handler.py:handle_request():146] handle_request: keepalive
2025-12-15 11:48:50,546 DEBUG   SenderThread:23333 [sender.py:send():380] send: stats
2025-12-15 11:48:53,503 DEBUG   HandlerThread:23333 [handler.py:handle_request():146] handle_request: internal_messages
2025-12-15 11:48:53,548 DEBUG   HandlerThread:23333 [handler.py:handle_request():146] handle_request: status_report
2025-12-15 11:48:58,549 DEBUG   HandlerThread:23333 [handler.py:handle_request():146] handle_request: status_report
2025-12-15 11:48:58,610 DEBUG   HandlerThread:23333 [handler.py:handle_request():146] handle_request: keepalive
2025-12-15 11:49:03,550 DEBUG   HandlerThread:23333 [handler.py:handle_request():146] handle_request: status_report
2025-12-15 11:49:03,611 DEBUG   HandlerThread:23333 [handler.py:handle_request():146] handle_request: keepalive
2025-12-15 11:49:08,503 DEBUG   HandlerThread:23333 [handler.py:handle_request():146] handle_request: internal_messages
2025-12-15 11:49:08,551 DEBUG   HandlerThread:23333 [handler.py:handle_request():146] handle_request: status_report
2025-12-15 11:49:13,552 DEBUG   HandlerThread:23333 [handler.py:handle_request():146] handle_request: status_report
2025-12-15 11:49:13,614 DEBUG   HandlerThread:23333 [handler.py:handle_request():146] handle_request: keepalive
2025-12-15 11:49:18,552 DEBUG   HandlerThread:23333 [handler.py:handle_request():146] handle_request: status_report
2025-12-15 11:49:18,615 DEBUG   HandlerThread:23333 [handler.py:handle_request():146] handle_request: keepalive
2025-12-15 11:49:20,548 DEBUG   SenderThread:23333 [sender.py:send():380] send: stats
2025-12-15 11:49:23,504 DEBUG   HandlerThread:23333 [handler.py:handle_request():146] handle_request: internal_messages
2025-12-15 11:49:24,550 DEBUG   HandlerThread:23333 [handler.py:handle_request():146] handle_request: status_report
2025-12-15 11:49:28,617 DEBUG   HandlerThread:23333 [handler.py:handle_request():146] handle_request: keepalive
2025-12-15 11:49:29,551 DEBUG   HandlerThread:23333 [handler.py:handle_request():146] handle_request: status_report
2025-12-15 11:49:33,619 DEBUG   HandlerThread:23333 [handler.py:handle_request():146] handle_request: keepalive
2025-12-15 11:49:34,552 DEBUG   HandlerThread:23333 [handler.py:handle_request():146] handle_request: status_report
2025-12-15 11:49:38,504 DEBUG   HandlerThread:23333 [handler.py:handle_request():146] handle_request: internal_messages
2025-12-15 11:49:39,553 DEBUG   HandlerThread:23333 [handler.py:handle_request():146] handle_request: status_report
2025-12-15 11:49:43,621 DEBUG   HandlerThread:23333 [handler.py:handle_request():146] handle_request: keepalive
2025-12-15 11:49:44,554 DEBUG   HandlerThread:23333 [handler.py:handle_request():146] handle_request: status_report
2025-12-15 11:49:48,623 DEBUG   HandlerThread:23333 [handler.py:handle_request():146] handle_request: keepalive
2025-12-15 11:49:49,555 DEBUG   HandlerThread:23333 [handler.py:handle_request():146] handle_request: status_report
2025-12-15 11:49:50,551 DEBUG   SenderThread:23333 [sender.py:send():380] send: stats
2025-12-15 11:49:53,504 DEBUG   HandlerThread:23333 [handler.py:handle_request():146] handle_request: internal_messages
2025-12-15 11:49:55,554 DEBUG   HandlerThread:23333 [handler.py:handle_request():146] handle_request: status_report
2025-12-15 11:49:58,626 DEBUG   HandlerThread:23333 [handler.py:handle_request():146] handle_request: keepalive
2025-12-15 11:50:00,555 DEBUG   HandlerThread:23333 [handler.py:handle_request():146] handle_request: status_report
2025-12-15 11:50:03,627 DEBUG   HandlerThread:23333 [handler.py:handle_request():146] handle_request: keepalive
2025-12-15 11:50:05,555 DEBUG   HandlerThread:23333 [handler.py:handle_request():146] handle_request: status_report
2025-12-15 11:50:08,504 DEBUG   HandlerThread:23333 [handler.py:handle_request():146] handle_request: internal_messages
2025-12-15 11:50:10,556 DEBUG   HandlerThread:23333 [handler.py:handle_request():146] handle_request: status_report
2025-12-15 11:50:13,630 DEBUG   HandlerThread:23333 [handler.py:handle_request():146] handle_request: keepalive
2025-12-15 11:50:15,557 DEBUG   HandlerThread:23333 [handler.py:handle_request():146] handle_request: status_report
2025-12-15 11:50:18,631 DEBUG   HandlerThread:23333 [handler.py:handle_request():146] handle_request: keepalive
2025-12-15 11:50:20,554 DEBUG   SenderThread:23333 [sender.py:send():380] send: stats
2025-12-15 11:50:21,556 DEBUG   HandlerThread:23333 [handler.py:handle_request():146] handle_request: status_report
2025-12-15 11:50:23,505 DEBUG   HandlerThread:23333 [handler.py:handle_request():146] handle_request: internal_messages
2025-12-15 11:50:26,557 DEBUG   HandlerThread:23333 [handler.py:handle_request():146] handle_request: status_report
2025-12-15 11:50:28,634 DEBUG   HandlerThread:23333 [handler.py:handle_request():146] handle_request: keepalive
2025-12-15 11:50:31,558 DEBUG   HandlerThread:23333 [handler.py:handle_request():146] handle_request: status_report
2025-12-15 11:50:33,635 DEBUG   HandlerThread:23333 [handler.py:handle_request():146] handle_request: keepalive
2025-12-15 11:50:36,559 DEBUG   HandlerThread:23333 [handler.py:handle_request():146] handle_request: status_report
2025-12-15 11:50:38,505 DEBUG   HandlerThread:23333 [handler.py:handle_request():146] handle_request: internal_messages
2025-12-15 11:50:41,559 DEBUG   HandlerThread:23333 [handler.py:handle_request():146] handle_request: status_report
2025-12-15 11:50:43,637 DEBUG   HandlerThread:23333 [handler.py:handle_request():146] handle_request: keepalive
2025-12-15 11:50:46,560 DEBUG   HandlerThread:23333 [handler.py:handle_request():146] handle_request: status_report
2025-12-15 11:50:48,639 DEBUG   HandlerThread:23333 [handler.py:handle_request():146] handle_request: keepalive
2025-12-15 11:50:50,556 DEBUG   SenderThread:23333 [sender.py:send():380] send: stats
2025-12-15 11:50:52,558 DEBUG   HandlerThread:23333 [handler.py:handle_request():146] handle_request: status_report
2025-12-15 11:50:53,505 DEBUG   HandlerThread:23333 [handler.py:handle_request():146] handle_request: internal_messages
2025-12-15 11:50:57,559 DEBUG   HandlerThread:23333 [handler.py:handle_request():146] handle_request: status_report
2025-12-15 11:50:58,641 DEBUG   HandlerThread:23333 [handler.py:handle_request():146] handle_request: keepalive
2025-12-15 11:51:02,560 DEBUG   HandlerThread:23333 [handler.py:handle_request():146] handle_request: status_report
2025-12-15 11:51:03,642 DEBUG   HandlerThread:23333 [handler.py:handle_request():146] handle_request: keepalive
2025-12-15 11:51:07,561 DEBUG   HandlerThread:23333 [handler.py:handle_request():146] handle_request: status_report
2025-12-15 11:51:08,505 DEBUG   HandlerThread:23333 [handler.py:handle_request():146] handle_request: internal_messages
2025-12-15 11:51:12,562 DEBUG   HandlerThread:23333 [handler.py:handle_request():146] handle_request: status_report
2025-12-15 11:51:13,645 DEBUG   HandlerThread:23333 [handler.py:handle_request():146] handle_request: keepalive
2025-12-15 11:51:17,563 DEBUG   HandlerThread:23333 [handler.py:handle_request():146] handle_request: status_report
2025-12-15 11:51:18,646 DEBUG   HandlerThread:23333 [handler.py:handle_request():146] handle_request: keepalive
2025-12-15 11:51:20,573 DEBUG   SenderThread:23333 [sender.py:send():380] send: stats
2025-12-15 11:51:22,575 DEBUG   HandlerThread:23333 [handler.py:handle_request():146] handle_request: status_report
2025-12-15 11:51:23,506 DEBUG   HandlerThread:23333 [handler.py:handle_request():146] handle_request: internal_messages
2025-12-15 11:51:27,576 DEBUG   HandlerThread:23333 [handler.py:handle_request():146] handle_request: status_report
2025-12-15 11:51:28,648 DEBUG   HandlerThread:23333 [handler.py:handle_request():146] handle_request: keepalive
2025-12-15 11:51:32,577 DEBUG   HandlerThread:23333 [handler.py:handle_request():146] handle_request: status_report
2025-12-15 11:51:33,649 DEBUG   HandlerThread:23333 [handler.py:handle_request():146] handle_request: keepalive
2025-12-15 11:51:37,579 DEBUG   HandlerThread:23333 [handler.py:handle_request():146] handle_request: status_report
2025-12-15 11:51:38,506 DEBUG   HandlerThread:23333 [handler.py:handle_request():146] handle_request: internal_messages
2025-12-15 11:51:42,579 DEBUG   HandlerThread:23333 [handler.py:handle_request():146] handle_request: status_report
2025-12-15 11:51:43,651 DEBUG   HandlerThread:23333 [handler.py:handle_request():146] handle_request: keepalive
2025-12-15 11:51:47,580 DEBUG   HandlerThread:23333 [handler.py:handle_request():146] handle_request: status_report
2025-12-15 11:51:48,653 DEBUG   HandlerThread:23333 [handler.py:handle_request():146] handle_request: keepalive
2025-12-15 11:51:50,562 DEBUG   SenderThread:23333 [sender.py:send():380] send: stats
2025-12-15 11:51:53,506 DEBUG   HandlerThread:23333 [handler.py:handle_request():146] handle_request: internal_messages
2025-12-15 11:51:53,564 DEBUG   HandlerThread:23333 [handler.py:handle_request():146] handle_request: status_report
2025-12-15 11:51:58,565 DEBUG   HandlerThread:23333 [handler.py:handle_request():146] handle_request: status_report
2025-12-15 11:51:58,655 DEBUG   HandlerThread:23333 [handler.py:handle_request():146] handle_request: keepalive
2025-12-15 11:52:03,566 DEBUG   HandlerThread:23333 [handler.py:handle_request():146] handle_request: status_report
2025-12-15 11:52:03,656 DEBUG   HandlerThread:23333 [handler.py:handle_request():146] handle_request: keepalive
2025-12-15 11:52:08,506 DEBUG   HandlerThread:23333 [handler.py:handle_request():146] handle_request: internal_messages
2025-12-15 11:52:08,567 DEBUG   HandlerThread:23333 [handler.py:handle_request():146] handle_request: status_report
2025-12-15 11:52:13,568 DEBUG   HandlerThread:23333 [handler.py:handle_request():146] handle_request: status_report
2025-12-15 11:52:13,658 DEBUG   HandlerThread:23333 [handler.py:handle_request():146] handle_request: keepalive
2025-12-15 11:52:18,569 DEBUG   HandlerThread:23333 [handler.py:handle_request():146] handle_request: status_report
2025-12-15 11:52:18,659 DEBUG   HandlerThread:23333 [handler.py:handle_request():146] handle_request: keepalive
2025-12-15 11:52:20,569 DEBUG   SenderThread:23333 [sender.py:send():380] send: stats
2025-12-15 11:52:23,506 DEBUG   HandlerThread:23333 [handler.py:handle_request():146] handle_request: internal_messages
2025-12-15 11:52:23,571 DEBUG   HandlerThread:23333 [handler.py:handle_request():146] handle_request: status_report
2025-12-15 11:52:28,572 DEBUG   HandlerThread:23333 [handler.py:handle_request():146] handle_request: status_report
2025-12-15 11:52:28,661 DEBUG   HandlerThread:23333 [handler.py:handle_request():146] handle_request: keepalive
2025-12-15 11:52:33,573 DEBUG   HandlerThread:23333 [handler.py:handle_request():146] handle_request: status_report
2025-12-15 11:52:33,663 DEBUG   HandlerThread:23333 [handler.py:handle_request():146] handle_request: keepalive
2025-12-15 11:52:38,507 DEBUG   HandlerThread:23333 [handler.py:handle_request():146] handle_request: internal_messages
2025-12-15 11:52:38,574 DEBUG   HandlerThread:23333 [handler.py:handle_request():146] handle_request: status_report
2025-12-15 11:52:43,575 DEBUG   HandlerThread:23333 [handler.py:handle_request():146] handle_request: status_report
2025-12-15 11:52:43,665 DEBUG   HandlerThread:23333 [handler.py:handle_request():146] handle_request: keepalive
2025-12-15 11:52:48,576 DEBUG   HandlerThread:23333 [handler.py:handle_request():146] handle_request: status_report
2025-12-15 11:52:48,666 DEBUG   HandlerThread:23333 [handler.py:handle_request():146] handle_request: keepalive
2025-12-15 11:52:50,567 DEBUG   SenderThread:23333 [sender.py:send():380] send: stats
2025-12-15 11:52:53,507 DEBUG   HandlerThread:23333 [handler.py:handle_request():146] handle_request: internal_messages
2025-12-15 11:52:54,569 DEBUG   HandlerThread:23333 [handler.py:handle_request():146] handle_request: status_report
2025-12-15 11:52:58,668 DEBUG   HandlerThread:23333 [handler.py:handle_request():146] handle_request: keepalive
2025-12-15 11:52:59,570 DEBUG   HandlerThread:23333 [handler.py:handle_request():146] handle_request: status_report
2025-12-15 11:53:03,670 DEBUG   HandlerThread:23333 [handler.py:handle_request():146] handle_request: keepalive
2025-12-15 11:53:04,570 DEBUG   HandlerThread:23333 [handler.py:handle_request():146] handle_request: status_report
2025-12-15 11:53:08,507 DEBUG   HandlerThread:23333 [handler.py:handle_request():146] handle_request: internal_messages
2025-12-15 11:53:09,572 DEBUG   HandlerThread:23333 [handler.py:handle_request():146] handle_request: status_report
2025-12-15 11:53:13,672 DEBUG   HandlerThread:23333 [handler.py:handle_request():146] handle_request: keepalive
2025-12-15 11:53:14,572 DEBUG   HandlerThread:23333 [handler.py:handle_request():146] handle_request: status_report
2025-12-15 11:53:18,674 DEBUG   HandlerThread:23333 [handler.py:handle_request():146] handle_request: keepalive
2025-12-15 11:53:19,573 DEBUG   HandlerThread:23333 [handler.py:handle_request():146] handle_request: status_report
2025-12-15 11:53:20,569 DEBUG   SenderThread:23333 [sender.py:send():380] send: stats
2025-12-15 11:53:23,508 DEBUG   HandlerThread:23333 [handler.py:handle_request():146] handle_request: internal_messages
2025-12-15 11:53:25,572 DEBUG   HandlerThread:23333 [handler.py:handle_request():146] handle_request: status_report
2025-12-15 11:53:28,676 DEBUG   HandlerThread:23333 [handler.py:handle_request():146] handle_request: keepalive
2025-12-15 11:53:30,573 DEBUG   HandlerThread:23333 [handler.py:handle_request():146] handle_request: status_report
2025-12-15 11:53:33,678 DEBUG   HandlerThread:23333 [handler.py:handle_request():146] handle_request: keepalive
2025-12-15 11:53:35,574 DEBUG   HandlerThread:23333 [handler.py:handle_request():146] handle_request: status_report
2025-12-15 11:53:38,508 DEBUG   HandlerThread:23333 [handler.py:handle_request():146] handle_request: internal_messages
2025-12-15 11:53:40,575 DEBUG   HandlerThread:23333 [handler.py:handle_request():146] handle_request: status_report
2025-12-15 11:53:43,681 DEBUG   HandlerThread:23333 [handler.py:handle_request():146] handle_request: keepalive
2025-12-15 11:53:45,576 DEBUG   HandlerThread:23333 [handler.py:handle_request():146] handle_request: status_report
2025-12-15 11:53:48,682 DEBUG   HandlerThread:23333 [handler.py:handle_request():146] handle_request: keepalive
2025-12-15 11:53:50,572 DEBUG   SenderThread:23333 [sender.py:send():380] send: stats
2025-12-15 11:53:51,574 DEBUG   HandlerThread:23333 [handler.py:handle_request():146] handle_request: status_report
2025-12-15 11:53:53,508 DEBUG   HandlerThread:23333 [handler.py:handle_request():146] handle_request: internal_messages
2025-12-15 11:53:56,575 DEBUG   HandlerThread:23333 [handler.py:handle_request():146] handle_request: status_report
2025-12-15 11:53:58,684 DEBUG   HandlerThread:23333 [handler.py:handle_request():146] handle_request: keepalive
2025-12-15 11:54:01,576 DEBUG   HandlerThread:23333 [handler.py:handle_request():146] handle_request: status_report
2025-12-15 11:54:03,686 DEBUG   HandlerThread:23333 [handler.py:handle_request():146] handle_request: keepalive
2025-12-15 11:54:06,577 DEBUG   HandlerThread:23333 [handler.py:handle_request():146] handle_request: status_report
2025-12-15 11:54:08,508 DEBUG   HandlerThread:23333 [handler.py:handle_request():146] handle_request: internal_messages
2025-12-15 11:54:11,578 DEBUG   HandlerThread:23333 [handler.py:handle_request():146] handle_request: status_report
2025-12-15 11:54:13,688 DEBUG   HandlerThread:23333 [handler.py:handle_request():146] handle_request: keepalive
2025-12-15 11:54:16,579 DEBUG   HandlerThread:23333 [handler.py:handle_request():146] handle_request: status_report
2025-12-15 11:54:18,690 DEBUG   HandlerThread:23333 [handler.py:handle_request():146] handle_request: keepalive
2025-12-15 11:54:20,575 DEBUG   SenderThread:23333 [sender.py:send():380] send: stats
2025-12-15 11:54:22,577 DEBUG   HandlerThread:23333 [handler.py:handle_request():146] handle_request: status_report
2025-12-15 11:54:23,509 DEBUG   HandlerThread:23333 [handler.py:handle_request():146] handle_request: internal_messages
2025-12-15 11:54:27,578 DEBUG   HandlerThread:23333 [handler.py:handle_request():146] handle_request: status_report
2025-12-15 11:54:28,693 DEBUG   HandlerThread:23333 [handler.py:handle_request():146] handle_request: keepalive
2025-12-15 11:54:32,579 DEBUG   HandlerThread:23333 [handler.py:handle_request():146] handle_request: status_report
2025-12-15 11:54:33,694 DEBUG   HandlerThread:23333 [handler.py:handle_request():146] handle_request: keepalive
2025-12-15 11:54:37,580 DEBUG   HandlerThread:23333 [handler.py:handle_request():146] handle_request: status_report
2025-12-15 11:54:38,509 DEBUG   HandlerThread:23333 [handler.py:handle_request():146] handle_request: internal_messages
2025-12-15 11:54:42,581 DEBUG   HandlerThread:23333 [handler.py:handle_request():146] handle_request: status_report
2025-12-15 11:54:43,697 DEBUG   HandlerThread:23333 [handler.py:handle_request():146] handle_request: keepalive
2025-12-15 11:54:47,582 DEBUG   HandlerThread:23333 [handler.py:handle_request():146] handle_request: status_report
2025-12-15 11:54:47,992 INFO    cpu       :23333 [interfaces.py:monitor():140] Process cpu has exited.
2025-12-15 11:54:47,993 DEBUG   SystemMonitor:23333 [system_monitor.py:_start():179] Finished system metrics aggregation loop
2025-12-15 11:54:47,994 DEBUG   SystemMonitor:23333 [system_monitor.py:_start():183] Publishing last batch of metrics
2025-12-15 11:54:47,998 DEBUG   SenderThread:23333 [sender.py:send():380] send: stats
2025-12-15 11:54:48,862 INFO    MainThread:23333 [internal.py:handle_exit():76] Internal process exited
